#
# There is insufficient memory for the Java Runtime Environment to continue.
# Native memory allocation (malloc) failed to allocate 1197184 bytes for Chunk::new
# Possible reasons:
#   The system is out of physical RAM or swap space
#   The process is running with CompressedOops enabled, and the Java Heap may be blocking the growth of the native heap
# Possible solutions:
#   Reduce memory load on the system
#   Increase physical memory or swap space
#   Check if swap backing store is full
#   Decrease Java heap size (-Xmx/-Xms)
#   Decrease number of Java threads
#   Decrease Java thread stack sizes (-Xss)
#   Set larger code cache with -XX:ReservedCodeCacheSize=
#   JVM is running with Zero Based Compressed Oops mode in which the Java heap is
#     placed in the first 32GB address space. The Java Heap base address is the
#     maximum limit for the native heap growth. Please use -XX:HeapBaseMinAddress
#     to set the Java Heap base and to place the Java Heap above 32GB virtual address.
# This output file may be truncated or incomplete.
#
#  Out of Memory Error (allocation.cpp:389), pid=9764, tid=0x0000000000004770
#
# JRE version: Java(TM) SE Runtime Environment (8.0_231-b11) (build 1.8.0_231-b11)
# Java VM: Java HotSpot(TM) 64-Bit Server VM (25.231-b11 mixed mode windows-amd64 compressed oops)
# Failed to write core dump. Minidumps are not enabled by default on client versions of Windows
#

---------------  T H R E A D  ---------------

Current thread (0x000000001c385800):  JavaThread "C2 CompilerThread2" daemon [_thread_in_native, id=18288, stack(0x000000001ce70000,0x000000001cf70000)]

Stack: [0x000000001ce70000,0x000000001cf70000]
[error occurred during error reporting (printing stack bounds), id 0xc0000005]

Native frames: (J=compiled Java code, j=interpreted, Vv=VM code, C=native code)


Current CompileTask:
C2:   4149 2279   !   4       org.codehaus.plexus.interpolation.StringSearchInterpolator::interpolate (665 bytes)


---------------  P R O C E S S  ---------------

Java Threads: ( => current thread )
  0x000000001c41d000 JavaThread "Service Thread" daemon [_thread_blocked, id=21108, stack(0x000000001d070000,0x000000001d170000)]
  0x000000001c392000 JavaThread "C1 CompilerThread3" daemon [_thread_in_native, id=21032, stack(0x000000001cf70000,0x000000001d070000)]
=>0x000000001c385800 JavaThread "C2 CompilerThread2" daemon [_thread_in_native, id=18288, stack(0x000000001ce70000,0x000000001cf70000)]
  0x000000001c381800 JavaThread "C2 CompilerThread1" daemon [_thread_in_native, id=25380, stack(0x000000001cd70000,0x000000001ce70000)]
  0x000000001c37e000 JavaThread "C2 CompilerThread0" daemon [_thread_blocked, id=4124, stack(0x000000001cc70000,0x000000001cd70000)]
  0x000000001c37b800 JavaThread "Attach Listener" daemon [_thread_blocked, id=21964, stack(0x000000001cb70000,0x000000001cc70000)]
  0x000000001c37a800 JavaThread "Signal Dispatcher" daemon [_thread_blocked, id=3532, stack(0x000000001ca70000,0x000000001cb70000)]
  0x000000001a563000 JavaThread "Finalizer" daemon [_thread_blocked, id=5696, stack(0x000000001c850000,0x000000001c950000)]
  0x000000001c370800 JavaThread "Reference Handler" daemon [_thread_blocked, id=22436, stack(0x000000001c750000,0x000000001c850000)]
  0x0000000002f52800 JavaThread "main" [_thread_in_native, id=12636, stack(0x0000000002e50000,0x0000000002f50000)]

Other Threads:
  0x000000001a559000 VMThread [stack: 0x000000001c250000,0x000000001c350000] [id=21672]
  0x000000001c43f000 WatcherThread [stack: 0x000000001d2e0000,0x000000001d3e0000] [id=23020]

VM state:not at safepoint (normal execution)

VM Mutex/Monitor currently owned by a thread: None

heap address: 0x0000000701c00000, size: 3044 MB, Compressed Oops mode: Zero based, Oop shift amount: 3
Narrow klass base: 0x0000000000000000, Narrow klass shift: 3
Compressed class space size: 1073741824 Address: 0x00000007c0000000

Heap:
 PSYoungGen      total 57344K, used 17043K [0x0000000780980000, 0x0000000784980000, 0x00000007c0000000)
  eden space 49152K, 18% used [0x0000000780980000,0x0000000781238fc8,0x0000000783980000)
  from space 8192K, 99% used [0x0000000783980000,0x000000078416c010,0x0000000784180000)
  to   space 8192K, 0% used [0x0000000784180000,0x0000000784180000,0x0000000784980000)
 ParOldGen       total 131072K, used 32K [0x0000000701c00000, 0x0000000709c00000, 0x0000000780980000)
  object space 131072K, 0% used [0x0000000701c00000,0x0000000701c08000,0x0000000709c00000)
 Metaspace       used 13830K, capacity 14122K, committed 14336K, reserved 1062912K
  class space    used 1646K, capacity 1719K, committed 1792K, reserved 1048576K

Card table byte_map: [0x0000000012410000,0x0000000012a10000] byte_map_base: 0x000000000ec02000

Marking Bits: (ParMarkBitMap*) 0x00000000568a6d90
 Begin Bits: [0x0000000013610000, 0x00000000165a0000)
 End Bits:   [0x00000000165a0000, 0x0000000019530000)

Polling page: 0x0000000002d00000

CodeCache: size=245760Kb used=8705Kb max_used=8705Kb free=237054Kb
 bounds [0x0000000003050000, 0x00000000038e0000, 0x0000000012050000]
 total_blobs=2791 nmethods=2459 adapters=244
 compilation: enabled

Compilation events (10 events):
Event: 3.588 Thread 0x000000001c381800 nmethod 2458 0x00000000038c1b90 code [0x00000000038c1cc0, 0x00000000038c1d98]
Event: 3.589 Thread 0x000000001c381800 2460       4       java.util.TreeMap$KeyIterator::next (8 bytes)
Event: 3.591 Thread 0x000000001c37e000 nmethod 2459 0x00000000038c8350 code [0x00000000038c84a0, 0x00000000038c85f8]
Event: 3.591 Thread 0x000000001c381800 nmethod 2460 0x00000000038c7ed0 code [0x00000000038c8020, 0x00000000038c8198]
Event: 3.593 Thread 0x000000001c37e000 2461       4       org.codehaus.plexus.classworlds.realm.Entry::matches (282 bytes)
Event: 3.600 Thread 0x000000001c392000 2462       3       org.netbeans.shaded.json.simple.JSONValue::escape (276 bytes)
Event: 3.601 Thread 0x000000001c381800 2463       4       sun.nio.cs.SingleByte$Encoder::encode (32 bytes)
Event: 3.603 Thread 0x000000001c381800 nmethod 2463 0x00000000038c7550 code [0x00000000038c76a0, 0x00000000038c77b8]
Event: 3.604 Thread 0x000000001c392000 nmethod 2462 0x00000000038cb510 code [0x00000000038cb920, 0x00000000038ceee8]
Event: 3.616 Thread 0x000000001c37e000 nmethod 2461 0x00000000038c8c90 code [0x00000000038c8e20, 0x00000000038c9808]

GC Heap History (6 events):
Event: 1.722 GC heap before
{Heap before GC invocations=1 (full 0):
 PSYoungGen      total 57344K, used 49152K [0x0000000780980000, 0x0000000784980000, 0x00000007c0000000)
  eden space 49152K, 100% used [0x0000000780980000,0x0000000783980000,0x0000000783980000)
  from space 8192K, 0% used [0x0000000784180000,0x0000000784180000,0x0000000784980000)
  to   space 8192K, 0% used [0x0000000783980000,0x0000000783980000,0x0000000784180000)
 ParOldGen       total 131072K, used 0K [0x0000000701c00000, 0x0000000709c00000, 0x0000000780980000)
  object space 131072K, 0% used [0x0000000701c00000,0x0000000701c00000,0x0000000709c00000)
 Metaspace       used 9822K, capacity 10024K, committed 10368K, reserved 1058816K
  class space    used 1258K, capacity 1313K, committed 1408K, reserved 1048576K
Event: 1.732 GC heap after
Heap after GC invocations=1 (full 0):
 PSYoungGen      total 57344K, used 7280K [0x0000000780980000, 0x0000000784980000, 0x00000007c0000000)
  eden space 49152K, 0% used [0x0000000780980000,0x0000000780980000,0x0000000783980000)
  from space 8192K, 88% used [0x0000000783980000,0x000000078409c3e0,0x0000000784180000)
  to   space 8192K, 0% used [0x0000000784180000,0x0000000784180000,0x0000000784980000)
 ParOldGen       total 131072K, used 16K [0x0000000701c00000, 0x0000000709c00000, 0x0000000780980000)
  object space 131072K, 0% used [0x0000000701c00000,0x0000000701c04000,0x0000000709c00000)
 Metaspace       used 9822K, capacity 10024K, committed 10368K, reserved 1058816K
  class space    used 1258K, capacity 1313K, committed 1408K, reserved 1048576K
}
Event: 2.757 GC heap before
{Heap before GC invocations=2 (full 0):
 PSYoungGen      total 57344K, used 56432K [0x0000000780980000, 0x0000000784980000, 0x00000007c0000000)
  eden space 49152K, 100% used [0x0000000780980000,0x0000000783980000,0x0000000783980000)
  from space 8192K, 88% used [0x0000000783980000,0x000000078409c3e0,0x0000000784180000)
  to   space 8192K, 0% used [0x0000000784180000,0x0000000784180000,0x0000000784980000)
 ParOldGen       total 131072K, used 16K [0x0000000701c00000, 0x0000000709c00000, 0x0000000780980000)
  object space 131072K, 0% used [0x0000000701c00000,0x0000000701c04000,0x0000000709c00000)
 Metaspace       used 12706K, capacity 12978K, committed 13184K, reserved 1060864K
  class space    used 1539K, capacity 1615K, committed 1664K, reserved 1048576K
Event: 2.766 GC heap after
Heap after GC invocations=2 (full 0):
 PSYoungGen      total 57344K, used 7158K [0x0000000780980000, 0x0000000784980000, 0x00000007c0000000)
  eden space 49152K, 0% used [0x0000000780980000,0x0000000780980000,0x0000000783980000)
  from space 8192K, 87% used [0x0000000784180000,0x000000078487da08,0x0000000784980000)
  to   space 8192K, 0% used [0x0000000783980000,0x0000000783980000,0x0000000784180000)
 ParOldGen       total 131072K, used 24K [0x0000000701c00000, 0x0000000709c00000, 0x0000000780980000)
  object space 131072K, 0% used [0x0000000701c00000,0x0000000701c06000,0x0000000709c00000)
 Metaspace       used 12706K, capacity 12978K, committed 13184K, reserved 1060864K
  class space    used 1539K, capacity 1615K, committed 1664K, reserved 1048576K
}
Event: 3.476 GC heap before
{Heap before GC invocations=3 (full 0):
 PSYoungGen      total 57344K, used 56310K [0x0000000780980000, 0x0000000784980000, 0x00000007c0000000)
  eden space 49152K, 100% used [0x0000000780980000,0x0000000783980000,0x0000000783980000)
  from space 8192K, 87% used [0x0000000784180000,0x000000078487da08,0x0000000784980000)
  to   space 8192K, 0% used [0x0000000783980000,0x0000000783980000,0x0000000784180000)
 ParOldGen       total 131072K, used 24K [0x0000000701c00000, 0x0000000709c00000, 0x0000000780980000)
  object space 131072K, 0% used [0x0000000701c00000,0x0000000701c06000,0x0000000709c00000)
 Metaspace       used 13384K, capacity 13674K, committed 13952K, reserved 1060864K
  class space    used 1593K, capacity 1655K, committed 1664K, reserved 1048576K
Event: 3.487 GC heap after
Heap after GC invocations=3 (full 0):
 PSYoungGen      total 57344K, used 8112K [0x0000000780980000, 0x0000000784980000, 0x00000007c0000000)
  eden space 49152K, 0% used [0x0000000780980000,0x0000000780980000,0x0000000783980000)
  from space 8192K, 99% used [0x0000000783980000,0x000000078416c010,0x0000000784180000)
  to   space 8192K, 0% used [0x0000000784180000,0x0000000784180000,0x0000000784980000)
 ParOldGen       total 131072K, used 32K [0x0000000701c00000, 0x0000000709c00000, 0x0000000780980000)
  object space 131072K, 0% used [0x0000000701c00000,0x0000000701c08000,0x0000000709c00000)
 Metaspace       used 13384K, capacity 13674K, committed 13952K, reserved 1060864K
  class space    used 1593K, capacity 1655K, committed 1664K, reserved 1048576K
}

Deoptimization events (10 events):
Event: 3.019 Thread 0x0000000002f52800 Uncommon trap: reason=unstable_if action=reinterpret pc=0x000000000350301c method=java.util.LinkedHashMap.afterNodeInsertion(Z)V @ 18
Event: 3.083 Thread 0x0000000002f52800 Uncommon trap: reason=unstable_if action=reinterpret pc=0x0000000003559030 method=org.codehaus.plexus.util.xml.pull.MXParser.parseAttribute()C @ 983
Event: 3.292 Thread 0x0000000002f52800 Uncommon trap: reason=speculate_class_check action=maybe_recompile pc=0x000000000363e5e0 method=java.nio.charset.CharsetDecoder.decode(Ljava/nio/ByteBuffer;Ljava/nio/CharBuffer;Z)Ljava/nio/charset/CoderResult; @ 57
Event: 3.293 Thread 0x0000000002f52800 Uncommon trap: reason=speculate_class_check action=maybe_recompile pc=0x0000000003475148 method=java.nio.charset.CharsetDecoder.decode(Ljava/nio/ByteBuffer;Ljava/nio/CharBuffer;Z)Ljava/nio/charset/CoderResult; @ 57
Event: 3.294 Thread 0x0000000002f52800 Uncommon trap: reason=speculate_class_check action=maybe_recompile pc=0x0000000003475148 method=java.nio.charset.CharsetDecoder.decode(Ljava/nio/ByteBuffer;Ljava/nio/CharBuffer;Z)Ljava/nio/charset/CoderResult; @ 57
Event: 3.297 Thread 0x0000000002f52800 Uncommon trap: reason=unstable_if action=reinterpret pc=0x000000000374d25c method=org.apache.maven.model.merge.ModelMerger.mergeConfigurationContainer_Inherited(Lorg/apache/maven/model/ConfigurationContainer;Lorg/apache/maven/model/ConfigurationContainer;
Event: 3.301 Thread 0x0000000002f52800 Uncommon trap: reason=unstable_if action=reinterpret pc=0x00000000036a16c0 method=java.lang.String.trim()Ljava/lang/String; @ 63
Event: 3.541 Thread 0x0000000002f52800 Uncommon trap: reason=bimorphic action=maybe_recompile pc=0x0000000003854f74 method=org.sonatype.guice.bean.locators.LazyBeanEntry.getSource()Ljava/lang/Object; @ 4
Event: 3.542 Thread 0x0000000002f52800 Uncommon trap: reason=unstable_if action=reinterpret pc=0x0000000003854fe4 method=org.sonatype.guice.bean.locators.RankedBindings$Itr.hasNext()Z @ 60
Event: 3.577 Thread 0x0000000002f52800 Uncommon trap: reason=unstable_if action=reinterpret pc=0x00000000037cae70 method=java.util.ArrayList.remove(Ljava/lang/Object;)Z @ 46

Classes redefined (0 events):
No events

Internal exceptions (10 events):
Event: 0.922 Thread 0x0000000002f52800 Exception <a 'java/lang/ArrayIndexOutOfBoundsException'> (0x00000007822d2a10) thrown at [C:\re\workspace\8-2-build-windows-amd64-cygwin\jdk8u231\13620\hotspot\src\share\vm\runtime\sharedRuntime.cpp, line 605]
Event: 1.048 Thread 0x0000000002f52800 Exception <a 'java/lang/NoClassDefFoundError': org/slf4j/Logger> (0x00000007827ff630) thrown at [C:\re\workspace\8-2-build-windows-amd64-cygwin\jdk8u231\13620\hotspot\src\share\vm\classfile\systemDictionary.cpp, line 199]
Event: 1.137 Thread 0x0000000002f52800 Exception <a 'java/lang/NoClassDefFoundError': org/slf4j/LoggerFactory> (0x0000000782ab7958) thrown at [C:\re\workspace\8-2-build-windows-amd64-cygwin\jdk8u231\13620\hotspot\src\share\vm\classfile\systemDictionary.cpp, line 199]
Event: 1.137 Thread 0x0000000002f52800 Exception <a 'java/lang/NoClassDefFoundError'> (0x0000000782ab7958) thrown at [C:\re\workspace\8-2-build-windows-amd64-cygwin\jdk8u231\13620\hotspot\src\share\vm\oops\instanceKlass.cpp, line 959]
Event: 1.799 Thread 0x0000000002f52800 Implicit null exception at 0x0000000003222362 to 0x0000000003222549
Event: 2.246 Thread 0x0000000002f52800 Implicit null exception at 0x00000000033e1e95 to 0x00000000033e2099
Event: 2.246 Thread 0x0000000002f52800 Implicit null exception at 0x0000000003317e2f to 0x0000000003317e99
Event: 2.333 Thread 0x0000000002f52800 Implicit null exception at 0x000000000352173b to 0x0000000003521b5d
Event: 2.418 Thread 0x0000000002f52800 Implicit null exception at 0x00000000033b1258 to 0x00000000033b12e6
Event: 3.529 Thread 0x0000000002f52800 Exception <a 'java/lang/NoClassDefFoundError': org/slf4j/Logger> (0x0000000780c6eb08) thrown at [C:\re\workspace\8-2-build-windows-amd64-cygwin\jdk8u231\13620\hotspot\src\share\vm\oops\constantPool.cpp, line 245]

Events (10 events):
Event: 3.596 loading class sun/nio/ch/Util$1
Event: 3.596 loading class sun/nio/ch/Util$1 done
Event: 3.596 loading class sun/nio/ch/Util$5
Event: 3.596 loading class sun/nio/ch/Util$5 done
Event: 3.596 loading class java/nio/DirectByteBufferR
Event: 3.597 loading class java/nio/DirectByteBufferR done
Event: 3.598 loading class org/codehaus/plexus/util/IOUtil
Event: 3.598 loading class org/codehaus/plexus/util/IOUtil done
Event: 3.598 loading class org/codehaus/plexus/util/IOUtil
Event: 3.598 loading class org/codehaus/plexus/util/IOUtil done


Dynamic libraries:
0x00007ff7ca2b0000 - 0x00007ff7ca2e7000 	G:\Program Files\Java\jdk1.8.0_231\bin\java.exe
0x00007ffc06c20000 - 0x00007ffc06e10000 	C:\Windows\SYSTEM32\ntdll.dll
0x00007ffc057d0000 - 0x00007ffc05882000 	C:\Windows\System32\KERNEL32.DLL
0x00007ffc04720000 - 0x00007ffc049c5000 	C:\Windows\System32\KERNELBASE.dll
0x00007ffc05fe0000 - 0x00007ffc06083000 	C:\Windows\System32\ADVAPI32.dll
0x00007ffc04cd0000 - 0x00007ffc04d6e000 	C:\Windows\System32\msvcrt.dll
0x00007ffc069b0000 - 0x00007ffc06a47000 	C:\Windows\System32\sechost.dll
0x00007ffc05d90000 - 0x00007ffc05eaf000 	C:\Windows\System32\RPCRT4.dll
0x00007ffc06810000 - 0x00007ffc069a4000 	C:\Windows\System32\USER32.dll
0x00007ffc03ec0000 - 0x00007ffc03ee1000 	C:\Windows\System32\win32u.dll
0x00007ffc065f0000 - 0x00007ffc06616000 	C:\Windows\System32\GDI32.dll
0x00007ffc03ba0000 - 0x00007ffc03d38000 	C:\Windows\System32\gdi32full.dll
0x00007ffc03d40000 - 0x00007ffc03dde000 	C:\Windows\System32\msvcp_win.dll
0x00007ffc04a80000 - 0x00007ffc04b7a000 	C:\Windows\System32\ucrtbase.dll
0x00007ffbe51d0000 - 0x00007ffbe5454000 	C:\Windows\WinSxS\amd64_microsoft.windows.common-controls_6595b64144ccf1df_6.0.18362.1316_none_9e7a364fe461dbd7\COMCTL32.dll
0x00007ffc04d90000 - 0x00007ffc050c7000 	C:\Windows\System32\combase.dll
0x00007ffc049f0000 - 0x00007ffc04a71000 	C:\Windows\System32\bcryptPrimitives.dll
0x00007ffc06620000 - 0x00007ffc0664e000 	C:\Windows\System32\IMM32.DLL
0x0000000055fa0000 - 0x0000000056072000 	G:\Program Files\Java\jdk1.8.0_231\jre\bin\msvcr100.dll
0x0000000056080000 - 0x0000000056926000 	G:\Program Files\Java\jdk1.8.0_231\jre\bin\server\jvm.dll
0x00007ffc06bd0000 - 0x00007ffc06bd8000 	C:\Windows\System32\PSAPI.DLL
0x00007ffbe9310000 - 0x00007ffbe9319000 	C:\Windows\SYSTEM32\WSOCK32.dll
0x00007ffc06500000 - 0x00007ffc0656f000 	C:\Windows\System32\WS2_32.dll
0x00007ffbf28f0000 - 0x00007ffbf2914000 	C:\Windows\SYSTEM32\WINMM.dll
0x00007ffbfb510000 - 0x00007ffbfb51a000 	C:\Windows\SYSTEM32\VERSION.dll
0x00007ffbf28c0000 - 0x00007ffbf28ed000 	C:\Windows\SYSTEM32\winmmbase.dll
0x00007ffc046d0000 - 0x00007ffc0471a000 	C:\Windows\System32\cfgmgr32.dll
0x00007ffbf9790000 - 0x00007ffbf979f000 	G:\Program Files\Java\jdk1.8.0_231\jre\bin\verify.dll
0x00007ffbe8360000 - 0x00007ffbe8389000 	G:\Program Files\Java\jdk1.8.0_231\jre\bin\java.dll
0x00007ffbf6950000 - 0x00007ffbf6966000 	G:\Program Files\Java\jdk1.8.0_231\jre\bin\zip.dll
0x00007ffc050d0000 - 0x00007ffc057b8000 	C:\Windows\System32\SHELL32.dll
0x00007ffc05ce0000 - 0x00007ffc05d87000 	C:\Windows\System32\shcore.dll
0x00007ffc03ef0000 - 0x00007ffc0466b000 	C:\Windows\System32\windows.storage.dll
0x00007ffc03b50000 - 0x00007ffc03b73000 	C:\Windows\System32\profapi.dll
0x00007ffc03b00000 - 0x00007ffc03b4a000 	C:\Windows\System32\powrprof.dll
0x00007ffc03ad0000 - 0x00007ffc03ae0000 	C:\Windows\System32\UMPDC.dll
0x00007ffc05b40000 - 0x00007ffc05b92000 	C:\Windows\System32\shlwapi.dll
0x00007ffc03ae0000 - 0x00007ffc03af1000 	C:\Windows\System32\kernel.appcore.dll
0x00007ffc049d0000 - 0x00007ffc049e7000 	C:\Windows\System32\cryptsp.dll
0x00007ffbf31b0000 - 0x00007ffbf31ca000 	G:\Program Files\Java\jdk1.8.0_231\jre\bin\net.dll
0x00007ffc03310000 - 0x00007ffc03377000 	C:\Windows\system32\mswsock.dll
0x00007ffbf3040000 - 0x00007ffbf3052000 	G:\Program Files\Java\jdk1.8.0_231\jre\bin\nio.dll

VM Arguments:
jvm_args: -Dclassworlds.conf=G:\NetBeans8.2\java\maven\bin\m2.conf -Dmaven.home=G:\NetBeans8.2\java\maven 
java_command: org.codehaus.plexus.classworlds.launcher.Launcher -Dmaven.ext.class.path=G:\NetBeans8.2\java\maven-nblib\netbeans-eventspy.jar -Dfile.encoding=UTF-8 compile
java_class_path (initial): G:\NetBeans8.2\java\maven\boot\plexus-classworlds-2.4.jar
Launcher Type: SUN_STANDARD

Environment Variables:
JAVA_HOME=G:\Program Files\Java\jdk1.8.0_231
PATH=G:\app\glari\virtual\product\12.2.0\dbhome_1\bin;C:\Python27\;C:\Python27\Scripts;C:\Program Files (x86)\Common Files\Oracle\Java\javapath;C:\Program Files (x86)\Intel\Intel(R) Management Engine Components\iCLS\;C:\Program Files\Intel\Intel(R) Management Engine Components\iCLS\;C:\Windows\system32;C:\Windows;C:\Windows\System32\Wbem;C:\Windows\System32\WindowsPowerShell\v1.0\;C:\Windows\System32\OpenSSH\;C:\Program Files (x86)\Intel\Intel(R) Management Engine Components\DAL;C:\Program Files\Intel\Intel(R) Management Engine Components\DAL;C:\Program Files (x86)\NVIDIA Corporation\PhysX\Common;C:\Program Files\NVIDIA Corporation\NVIDIA NvDLISR;G:\Program Files\Git\cmd;G:\Program Files\Apache Software Foundation\apache-maven-3.6.3\bin;G:\Program Files\Java\jdk1.8.0_231\bin;G:\Program Files\nodejs\;C:\ProgramData\chocolatey\bin;G:\Program Files\PostgreSQL\12\bin;C:\Users\glari\AppData\Local\Microsoft\WindowsApps;G:\Users\mmartinez\AppData\Local\Programs\Microsoft VS Code\bin;C:\Users\glari\AppData\Roaming\npm;C:\Users\glari\AppData\Local\gitkraken\bin
USERNAME=glari
OS=Windows_NT
PROCESSOR_IDENTIFIER=Intel64 Family 6 Model 142 Stepping 10, GenuineIntel



---------------  S Y S T E M  ---------------

OS: Windows 10.0 , 64 bit Build 18362 (10.0.18362.1316)

CPU:total 8 (initial active 8) (4 cores per cpu, 2 threads per core) family 6 model 142 stepping 10, cmov, cx8, fxsr, mmx, sse, sse2, sse3, ssse3, sse4.1, sse4.2, popcnt, avx, avx2, aes, clmul, erms, 3dnowpref, lzcnt, ht, tsc, tscinvbit, bmi1, bmi2, adx

Memory: 4k page, physical 12460516k(2595552k free), swap 28015456k(4256k free)

vm_info: Java HotSpot(TM) 64-Bit Server VM (25.231-b11) for windows-amd64 JRE (1.8.0_231-b11), built on Oct  5 2019 03:11:30 by "java_re" with MS VC++ 10.0 (VS2010)

time: Wed Feb 03 17:34:38 2021
timezone: Hora estándar, América Central
elapsed time: 4 seconds (0d 0h 0m 4s)

