#
# There is insufficient memory for the Java Runtime Environment to continue.
# Native memory allocation (malloc) failed to allocate 1290704 bytes for Chunk::new
# Possible reasons:
#   The system is out of physical RAM or swap space
#   The process is running with CompressedOops enabled, and the Java Heap may be blocking the growth of the native heap
# Possible solutions:
#   Reduce memory load on the system
#   Increase physical memory or swap space
#   Check if swap backing store is full
#   Decrease Java heap size (-Xmx/-Xms)
#   Decrease number of Java threads
#   Decrease Java thread stack sizes (-Xss)
#   Set larger code cache with -XX:ReservedCodeCacheSize=
#   JVM is running with Zero Based Compressed Oops mode in which the Java heap is
#     placed in the first 32GB address space. The Java Heap base address is the
#     maximum limit for the native heap growth. Please use -XX:HeapBaseMinAddress
#     to set the Java Heap base and to place the Java Heap above 32GB virtual address.
# This output file may be truncated or incomplete.
#
#  Out of Memory Error (allocation.cpp:389), pid=17228, tid=0x0000000000001228
#
# JRE version: Java(TM) SE Runtime Environment (8.0_231-b11) (build 1.8.0_231-b11)
# Java VM: Java HotSpot(TM) 64-Bit Server VM (25.231-b11 mixed mode windows-amd64 compressed oops)
# Failed to write core dump. Minidumps are not enabled by default on client versions of Windows
#

---------------  T H R E A D  ---------------

Current thread (0x000000001c3df000):  JavaThread "C2 CompilerThread1" daemon [_thread_in_native, id=4648, stack(0x000000001cdd0000,0x000000001ced0000)]

Stack: [0x000000001cdd0000,0x000000001ced0000]
[error occurred during error reporting (printing stack bounds), id 0xc0000005]

Native frames: (J=compiled Java code, j=interpreted, Vv=VM code, C=native code)


Current CompileTask:
C2:   5603 2827   !   4       org.codehaus.plexus.interpolation.StringSearchInterpolator::interpolate (665 bytes)


---------------  P R O C E S S  ---------------

Java Threads: ( => current thread )
  0x000000001fbe7000 JavaThread "Thread-2" [_thread_in_native, id=17600, stack(0x0000000020e40000,0x0000000020f40000)]
  0x000000001ebb2800 JavaThread "Thread-1" [_thread_in_native, id=25576, stack(0x0000000020d40000,0x0000000020e40000)]
  0x000000001f48c000 JavaThread "resolver-5" daemon [_thread_blocked, id=21336, stack(0x00000000205e0000,0x00000000206e0000)]
  0x000000001f48b800 JavaThread "resolver-4" daemon [_thread_blocked, id=23812, stack(0x00000000204e0000,0x00000000205e0000)]
  0x000000001eb7f800 JavaThread "resolver-3" daemon [_thread_blocked, id=7080, stack(0x00000000203e0000,0x00000000204e0000)]
  0x000000001fbf8800 JavaThread "resolver-2" daemon [_thread_blocked, id=18876, stack(0x00000000202e0000,0x00000000203e0000)]
  0x000000001fa1e000 JavaThread "resolver-1" daemon [_thread_blocked, id=7828, stack(0x00000000201e0000,0x00000000202e0000)]
  0x000000001c478800 JavaThread "Service Thread" daemon [_thread_blocked, id=7644, stack(0x000000001d0d0000,0x000000001d1d0000)]
  0x000000001c3f3000 JavaThread "C1 CompilerThread3" daemon [_thread_blocked, id=24112, stack(0x000000001cfd0000,0x000000001d0d0000)]
  0x000000001c3e2000 JavaThread "C2 CompilerThread2" daemon [_thread_blocked, id=16916, stack(0x000000001ced0000,0x000000001cfd0000)]
=>0x000000001c3df000 JavaThread "C2 CompilerThread1" daemon [_thread_in_native, id=4648, stack(0x000000001cdd0000,0x000000001ced0000)]
  0x000000001c3dc000 JavaThread "C2 CompilerThread0" daemon [_thread_blocked, id=20264, stack(0x000000001ccd0000,0x000000001cdd0000)]
  0x000000001c3d9000 JavaThread "Attach Listener" daemon [_thread_blocked, id=24528, stack(0x000000001cbd0000,0x000000001ccd0000)]
  0x000000001c3d8000 JavaThread "Signal Dispatcher" daemon [_thread_blocked, id=2716, stack(0x000000001cad0000,0x000000001cbd0000)]
  0x00000000030f9000 JavaThread "Finalizer" daemon [_thread_blocked, id=18060, stack(0x000000001c8b0000,0x000000001c9b0000)]
  0x000000001a5cd800 JavaThread "Reference Handler" daemon [_thread_blocked, id=17820, stack(0x000000001c7b0000,0x000000001c8b0000)]
  0x0000000003002800 JavaThread "main" [_thread_in_native, id=24904, stack(0x0000000002ea0000,0x0000000002fa0000)]

Other Threads:
  0x000000001a5c9000 VMThread [stack: 0x000000001c2b0000,0x000000001c3b0000] [id=21684]
  0x000000001c49b800 WatcherThread [stack: 0x000000001d340000,0x000000001d440000] [id=14984]

VM state:not at safepoint (normal execution)

VM Mutex/Monitor currently owned by a thread: None

heap address: 0x0000000701c00000, size: 3044 MB, Compressed Oops mode: Zero based, Oop shift amount: 3
Narrow klass base: 0x0000000000000000, Narrow klass shift: 3
Compressed class space size: 1073741824 Address: 0x00000007c0000000

Heap:
 PSYoungGen      total 106496K, used 26261K [0x0000000780980000, 0x0000000787980000, 0x00000007c0000000)
  eden space 98304K, 18% used [0x0000000780980000,0x0000000781b2d600,0x0000000786980000)
  from space 8192K, 99% used [0x0000000787180000,0x0000000787978020,0x0000000787980000)
  to   space 8192K, 0% used [0x0000000786980000,0x0000000786980000,0x0000000787180000)
 ParOldGen       total 131072K, used 1752K [0x0000000701c00000, 0x0000000709c00000, 0x0000000780980000)
  object space 131072K, 1% used [0x0000000701c00000,0x0000000701db63e8,0x0000000709c00000)
 Metaspace       used 14746K, capacity 15062K, committed 15488K, reserved 1062912K
  class space    used 1713K, capacity 1795K, committed 1920K, reserved 1048576K

Card table byte_map: [0x00000000124c0000,0x0000000012ac0000] byte_map_base: 0x000000000ecb2000

Marking Bits: (ParMarkBitMap*) 0x00000000568a6d90
 Begin Bits: [0x00000000136c0000, 0x0000000016650000)
 End Bits:   [0x0000000016650000, 0x00000000195e0000)

Polling page: 0x0000000001230000

CodeCache: size=245760Kb used=11087Kb max_used=11087Kb free=234672Kb
 bounds [0x0000000003100000, 0x0000000003be0000, 0x0000000012100000]
 total_blobs=3367 nmethods=3026 adapters=253
 compilation: enabled

Compilation events (10 events):
Event: 5.560 Thread 0x000000001c3f3000 3026       3       java.io.WinNTFileSystem::normalize (143 bytes)
Event: 5.561 Thread 0x000000001c3f3000 nmethod 3026 0x0000000003bda210 code [0x0000000003bda400, 0x0000000003bdac68]
Event: 5.561 Thread 0x000000001c3f3000 3025  s    1       java.lang.StringBuffer::length (5 bytes)
Event: 5.561 Thread 0x000000001c3f3000 nmethod 3025 0x0000000003bd9dd0 code [0x0000000003bd9f20, 0x0000000003bda190]
Event: 5.561 Thread 0x000000001c3f3000 3027       3       java.lang.ProcessEnvironment$NameComparator::compare (90 bytes)
Event: 5.562 Thread 0x000000001c3f3000 nmethod 3027 0x0000000003bdbf10 code [0x0000000003bdc140, 0x0000000003bdced8]
Event: 5.562 Thread 0x000000001c3f3000 3028       3       java.lang.ProcessEnvironment$CheckedEntry::getKey (5 bytes)
Event: 5.563 Thread 0x000000001c3f3000 nmethod 3028 0x0000000003bd97d0 code [0x0000000003bd9940, 0x0000000003bd9ca8]
Event: 5.563 Thread 0x000000001c3f3000 3029       3       java.lang.ProcessEnvironment$CheckedEntry::getKey (13 bytes)
Event: 5.563 Thread 0x000000001c3f3000 nmethod 3029 0x0000000003bd9290 code [0x0000000003bd9400, 0x0000000003bd9708]

GC Heap History (8 events):
Event: 1.988 GC heap before
{Heap before GC invocations=1 (full 0):
 PSYoungGen      total 57344K, used 49152K [0x0000000780980000, 0x0000000784980000, 0x00000007c0000000)
  eden space 49152K, 100% used [0x0000000780980000,0x0000000783980000,0x0000000783980000)
  from space 8192K, 0% used [0x0000000784180000,0x0000000784180000,0x0000000784980000)
  to   space 8192K, 0% used [0x0000000783980000,0x0000000783980000,0x0000000784180000)
 ParOldGen       total 131072K, used 0K [0x0000000701c00000, 0x0000000709c00000, 0x0000000780980000)
  object space 131072K, 0% used [0x0000000701c00000,0x0000000701c00000,0x0000000709c00000)
 Metaspace       used 9820K, capacity 10024K, committed 10368K, reserved 1058816K
  class space    used 1257K, capacity 1313K, committed 1408K, reserved 1048576K
Event: 2.007 GC heap after
Heap after GC invocations=1 (full 0):
 PSYoungGen      total 57344K, used 7225K [0x0000000780980000, 0x0000000784980000, 0x00000007c0000000)
  eden space 49152K, 0% used [0x0000000780980000,0x0000000780980000,0x0000000783980000)
  from space 8192K, 88% used [0x0000000783980000,0x000000078408e5e8,0x0000000784180000)
  to   space 8192K, 0% used [0x0000000784180000,0x0000000784180000,0x0000000784980000)
 ParOldGen       total 131072K, used 16K [0x0000000701c00000, 0x0000000709c00000, 0x0000000780980000)
  object space 131072K, 0% used [0x0000000701c00000,0x0000000701c04000,0x0000000709c00000)
 Metaspace       used 9820K, capacity 10024K, committed 10368K, reserved 1058816K
  class space    used 1257K, capacity 1313K, committed 1408K, reserved 1048576K
}
Event: 3.083 GC heap before
{Heap before GC invocations=2 (full 0):
 PSYoungGen      total 57344K, used 56377K [0x0000000780980000, 0x0000000784980000, 0x00000007c0000000)
  eden space 49152K, 100% used [0x0000000780980000,0x0000000783980000,0x0000000783980000)
  from space 8192K, 88% used [0x0000000783980000,0x000000078408e5e8,0x0000000784180000)
  to   space 8192K, 0% used [0x0000000784180000,0x0000000784180000,0x0000000784980000)
 ParOldGen       total 131072K, used 16K [0x0000000701c00000, 0x0000000709c00000, 0x0000000780980000)
  object space 131072K, 0% used [0x0000000701c00000,0x0000000701c04000,0x0000000709c00000)
 Metaspace       used 12699K, capacity 12978K, committed 13184K, reserved 1060864K
  class space    used 1539K, capacity 1615K, committed 1664K, reserved 1048576K
Event: 3.095 GC heap after
Heap after GC invocations=2 (full 0):
 PSYoungGen      total 57344K, used 7190K [0x0000000780980000, 0x0000000784980000, 0x00000007c0000000)
  eden space 49152K, 0% used [0x0000000780980000,0x0000000780980000,0x0000000783980000)
  from space 8192K, 87% used [0x0000000784180000,0x0000000784885a08,0x0000000784980000)
  to   space 8192K, 0% used [0x0000000783980000,0x0000000783980000,0x0000000784180000)
 ParOldGen       total 131072K, used 24K [0x0000000701c00000, 0x0000000709c00000, 0x0000000780980000)
  object space 131072K, 0% used [0x0000000701c00000,0x0000000701c06000,0x0000000709c00000)
 Metaspace       used 12699K, capacity 12978K, committed 13184K, reserved 1060864K
  class space    used 1539K, capacity 1615K, committed 1664K, reserved 1048576K
}
Event: 3.817 GC heap before
{Heap before GC invocations=3 (full 0):
 PSYoungGen      total 57344K, used 56342K [0x0000000780980000, 0x0000000784980000, 0x00000007c0000000)
  eden space 49152K, 100% used [0x0000000780980000,0x0000000783980000,0x0000000783980000)
  from space 8192K, 87% used [0x0000000784180000,0x0000000784885a08,0x0000000784980000)
  to   space 8192K, 0% used [0x0000000783980000,0x0000000783980000,0x0000000784180000)
 ParOldGen       total 131072K, used 24K [0x0000000701c00000, 0x0000000709c00000, 0x0000000780980000)
  object space 131072K, 0% used [0x0000000701c00000,0x0000000701c06000,0x0000000709c00000)
 Metaspace       used 13396K, capacity 13674K, committed 13952K, reserved 1060864K
  class space    used 1593K, capacity 1655K, committed 1664K, reserved 1048576K
Event: 3.828 GC heap after
Heap after GC invocations=3 (full 0):
 PSYoungGen      total 57344K, used 8128K [0x0000000780980000, 0x0000000787980000, 0x00000007c0000000)
  eden space 49152K, 0% used [0x0000000780980000,0x0000000780980000,0x0000000783980000)
  from space 8192K, 99% used [0x0000000783980000,0x0000000784170020,0x0000000784180000)
  to   space 8192K, 0% used [0x0000000787180000,0x0000000787180000,0x0000000787980000)
 ParOldGen       total 131072K, used 32K [0x0000000701c00000, 0x0000000709c00000, 0x0000000780980000)
  object space 131072K, 0% used [0x0000000701c00000,0x0000000701c08000,0x0000000709c00000)
 Metaspace       used 13396K, capacity 13674K, committed 13952K, reserved 1060864K
  class space    used 1593K, capacity 1655K, committed 1664K, reserved 1048576K
}
Event: 5.045 GC heap before
{Heap before GC invocations=4 (full 0):
 PSYoungGen      total 57344K, used 57280K [0x0000000780980000, 0x0000000787980000, 0x00000007c0000000)
  eden space 49152K, 100% used [0x0000000780980000,0x0000000783980000,0x0000000783980000)
  from space 8192K, 99% used [0x0000000783980000,0x0000000784170020,0x0000000784180000)
  to   space 8192K, 0% used [0x0000000787180000,0x0000000787180000,0x0000000787980000)
 ParOldGen       total 131072K, used 32K [0x0000000701c00000, 0x0000000709c00000, 0x0000000780980000)
  object space 131072K, 0% used [0x0000000701c00000,0x0000000701c08000,0x0000000709c00000)
 Metaspace       used 14226K, capacity 14512K, committed 14848K, reserved 1062912K
  class space    used 1670K, capacity 1762K, committed 1792K, reserved 1048576K
Event: 5.056 GC heap after
Heap after GC invocations=4 (full 0):
 PSYoungGen      total 106496K, used 8160K [0x0000000780980000, 0x0000000787980000, 0x00000007c0000000)
  eden space 98304K, 0% used [0x0000000780980000,0x0000000780980000,0x0000000786980000)
  from space 8192K, 99% used [0x0000000787180000,0x0000000787978020,0x0000000787980000)
  to   space 8192K, 0% used [0x0000000786980000,0x0000000786980000,0x0000000787180000)
 ParOldGen       total 131072K, used 1752K [0x0000000701c00000, 0x0000000709c00000, 0x0000000780980000)
  object space 131072K, 1% used [0x0000000701c00000,0x0000000701db63e8,0x0000000709c00000)
 Metaspace       used 14226K, capacity 14512K, committed 14848K, reserved 1062912K
  class space    used 1670K, capacity 1762K, committed 1792K, reserved 1048576K
}

Deoptimization events (10 events):
Event: 4.986 Thread 0x0000000003002800 Uncommon trap: reason=unstable_if action=reinterpret pc=0x000000000385c0e4 method=org.apache.maven.model.Contributor.clone()Lorg/apache/maven/model/Contributor; @ 65
Event: 4.988 Thread 0x0000000003002800 Uncommon trap: reason=unstable_if action=reinterpret pc=0x0000000003a95fb4 method=org.apache.maven.model.ConfigurationContainer.setLocation(Ljava/lang/Object;Lorg/apache/maven/model/InputLocation;)V @ 1
Event: 4.989 Thread 0x0000000003002800 Uncommon trap: reason=unstable_if action=reinterpret pc=0x00000000039ca28c method=org.apache.maven.model.ConfigurationContainer.setLocation(Ljava/lang/Object;Lorg/apache/maven/model/InputLocation;)V @ 1
Event: 5.039 Thread 0x0000000003002800 Uncommon trap: reason=null_check action=make_not_entrant pc=0x0000000003b3262c method=org.apache.maven.model.io.xpp3.MavenXpp3ReaderEx.checkFieldWithDuplicate(Lorg/codehaus/plexus/util/xml/pull/XmlPullParser;Ljava/lang/String;Ljava/lang/String;Ljava/util/
Event: 5.122 Thread 0x0000000003002800 Uncommon trap: reason=unstable_if action=reinterpret pc=0x0000000003a23ecc method=org.apache.maven.model.ConfigurationContainer.setLocation(Ljava/lang/Object;Lorg/apache/maven/model/InputLocation;)V @ 1
Event: 5.194 Thread 0x0000000003002800 Uncommon trap: reason=unstable_if action=reinterpret pc=0x0000000003b7a0fc method=org.apache.maven.model.io.xpp3.MavenXpp3ReaderEx.nextTag(Lorg/codehaus/plexus/util/xml/pull/XmlPullParser;)I @ 9
Event: 5.231 Thread 0x0000000003002800 Uncommon trap: reason=unstable_if action=reinterpret pc=0x000000000379d278 method=java.util.StringTokenizer.scanToken(I)I @ 96
Event: 5.231 Thread 0x0000000003002800 Uncommon trap: reason=unstable_if action=reinterpret pc=0x0000000003924dac method=java.io.WinNTFileSystem.normalize(Ljava/lang/String;)Ljava/lang/String; @ 128
Event: 5.232 Thread 0x0000000003002800 Uncommon trap: reason=class_check action=maybe_recompile pc=0x00000000036ceb18 method=java.util.AbstractList$Itr.hasNext()Z @ 8
Event: 5.232 Thread 0x0000000003002800 Uncommon trap: reason=class_check action=maybe_recompile pc=0x00000000036d5c18 method=java.util.AbstractList$Itr.next()Ljava/lang/Object; @ 14

Classes redefined (0 events):
No events

Internal exceptions (10 events):
Event: 4.924 Thread 0x0000000003002800 Exception <a 'java/security/PrivilegedActionException'> (0x0000000782e93e00) thrown at [C:\re\workspace\8-2-build-windows-amd64-cygwin\jdk8u231\13620\hotspot\src\share\vm\prims\jvm.cpp, line 1502]
Event: 4.924 Thread 0x0000000003002800 Exception <a 'java/security/PrivilegedActionException'> (0x0000000782e95670) thrown at [C:\re\workspace\8-2-build-windows-amd64-cygwin\jdk8u231\13620\hotspot\src\share\vm\prims\jvm.cpp, line 1502]
Event: 4.924 Thread 0x0000000003002800 Exception <a 'java/security/PrivilegedActionException'> (0x0000000782e95c50) thrown at [C:\re\workspace\8-2-build-windows-amd64-cygwin\jdk8u231\13620\hotspot\src\share\vm\prims\jvm.cpp, line 1502]
Event: 4.924 Thread 0x0000000003002800 Exception <a 'java/security/PrivilegedActionException'> (0x0000000782e974d8) thrown at [C:\re\workspace\8-2-build-windows-amd64-cygwin\jdk8u231\13620\hotspot\src\share\vm\prims\jvm.cpp, line 1502]
Event: 4.924 Thread 0x0000000003002800 Exception <a 'java/security/PrivilegedActionException'> (0x0000000782e97ab8) thrown at [C:\re\workspace\8-2-build-windows-amd64-cygwin\jdk8u231\13620\hotspot\src\share\vm\prims\jvm.cpp, line 1502]
Event: 4.925 Thread 0x0000000003002800 Exception <a 'java/security/PrivilegedActionException'> (0x0000000782e9f4e8) thrown at [C:\re\workspace\8-2-build-windows-amd64-cygwin\jdk8u231\13620\hotspot\src\share\vm\prims\jvm.cpp, line 1502]
Event: 4.925 Thread 0x0000000003002800 Exception <a 'java/security/PrivilegedActionException'> (0x0000000782e9fac8) thrown at [C:\re\workspace\8-2-build-windows-amd64-cygwin\jdk8u231\13620\hotspot\src\share\vm\prims\jvm.cpp, line 1502]
Event: 4.925 Thread 0x0000000003002800 Exception <a 'java/security/PrivilegedActionException'> (0x0000000782ea1350) thrown at [C:\re\workspace\8-2-build-windows-amd64-cygwin\jdk8u231\13620\hotspot\src\share\vm\prims\jvm.cpp, line 1502]
Event: 4.925 Thread 0x0000000003002800 Exception <a 'java/security/PrivilegedActionException'> (0x0000000782ea1930) thrown at [C:\re\workspace\8-2-build-windows-amd64-cygwin\jdk8u231\13620\hotspot\src\share\vm\prims\jvm.cpp, line 1502]
Event: 5.039 Thread 0x0000000003002800 Implicit null exception at 0x0000000003b321fb to 0x0000000003b3261d

Events (10 events):
Event: 5.568 loading class java/lang/SecurityException done
Event: 5.568 loading class java/security/AccessControlException done
Event: 5.568 loading class org/codehaus/plexus/util/cli/CommandLineUtils$1
Event: 5.568 loading class org/codehaus/plexus/util/cli/CommandLineUtils$1 done
Event: 5.568 loading class org/codehaus/plexus/util/cli/CommandLineUtils$1
Event: 5.568 loading class org/codehaus/plexus/util/cli/CommandLineUtils$1 done
Event: 5.569 loading class org/codehaus/plexus/util/cli/CommandLineTimeOutException
Event: 5.569 loading class org/codehaus/plexus/util/cli/CommandLineTimeOutException done
Event: 5.569 loading class org/codehaus/plexus/util/cli/CommandLineTimeOutException
Event: 5.569 loading class org/codehaus/plexus/util/cli/CommandLineTimeOutException done


Dynamic libraries:
0x00007ff7ca2b0000 - 0x00007ff7ca2e7000 	G:\Program Files\Java\jdk1.8.0_231\bin\java.exe
0x00007ffc06c20000 - 0x00007ffc06e10000 	C:\Windows\SYSTEM32\ntdll.dll
0x00007ffc057d0000 - 0x00007ffc05882000 	C:\Windows\System32\KERNEL32.DLL
0x00007ffc04720000 - 0x00007ffc049c5000 	C:\Windows\System32\KERNELBASE.dll
0x00007ffc05fe0000 - 0x00007ffc06083000 	C:\Windows\System32\ADVAPI32.dll
0x00007ffc04cd0000 - 0x00007ffc04d6e000 	C:\Windows\System32\msvcrt.dll
0x00007ffc069b0000 - 0x00007ffc06a47000 	C:\Windows\System32\sechost.dll
0x00007ffc05d90000 - 0x00007ffc05eaf000 	C:\Windows\System32\RPCRT4.dll
0x00007ffc06810000 - 0x00007ffc069a4000 	C:\Windows\System32\USER32.dll
0x00007ffc03ec0000 - 0x00007ffc03ee1000 	C:\Windows\System32\win32u.dll
0x00007ffc065f0000 - 0x00007ffc06616000 	C:\Windows\System32\GDI32.dll
0x00007ffc03ba0000 - 0x00007ffc03d38000 	C:\Windows\System32\gdi32full.dll
0x00007ffc03d40000 - 0x00007ffc03dde000 	C:\Windows\System32\msvcp_win.dll
0x00007ffc04a80000 - 0x00007ffc04b7a000 	C:\Windows\System32\ucrtbase.dll
0x00007ffbe51d0000 - 0x00007ffbe5454000 	C:\Windows\WinSxS\amd64_microsoft.windows.common-controls_6595b64144ccf1df_6.0.18362.1316_none_9e7a364fe461dbd7\COMCTL32.dll
0x00007ffc04d90000 - 0x00007ffc050c7000 	C:\Windows\System32\combase.dll
0x00007ffc049f0000 - 0x00007ffc04a71000 	C:\Windows\System32\bcryptPrimitives.dll
0x00007ffc06620000 - 0x00007ffc0664e000 	C:\Windows\System32\IMM32.DLL
0x0000000055fa0000 - 0x0000000056072000 	G:\Program Files\Java\jdk1.8.0_231\jre\bin\msvcr100.dll
0x0000000056080000 - 0x0000000056926000 	G:\Program Files\Java\jdk1.8.0_231\jre\bin\server\jvm.dll
0x00007ffc06bd0000 - 0x00007ffc06bd8000 	C:\Windows\System32\PSAPI.DLL
0x00007ffbfb510000 - 0x00007ffbfb51a000 	C:\Windows\SYSTEM32\VERSION.dll
0x00007ffbf28f0000 - 0x00007ffbf2914000 	C:\Windows\SYSTEM32\WINMM.dll
0x00007ffbe9310000 - 0x00007ffbe9319000 	C:\Windows\SYSTEM32\WSOCK32.dll
0x00007ffc06500000 - 0x00007ffc0656f000 	C:\Windows\System32\WS2_32.dll
0x00007ffbf28c0000 - 0x00007ffbf28ed000 	C:\Windows\SYSTEM32\WINMMBASE.dll
0x00007ffc046d0000 - 0x00007ffc0471a000 	C:\Windows\System32\cfgmgr32.dll
0x00007ffbf9790000 - 0x00007ffbf979f000 	G:\Program Files\Java\jdk1.8.0_231\jre\bin\verify.dll
0x00007ffbe8360000 - 0x00007ffbe8389000 	G:\Program Files\Java\jdk1.8.0_231\jre\bin\java.dll
0x00007ffbf6950000 - 0x00007ffbf6966000 	G:\Program Files\Java\jdk1.8.0_231\jre\bin\zip.dll
0x00007ffc050d0000 - 0x00007ffc057b8000 	C:\Windows\System32\SHELL32.dll
0x00007ffc05ce0000 - 0x00007ffc05d87000 	C:\Windows\System32\shcore.dll
0x00007ffc03ef0000 - 0x00007ffc0466b000 	C:\Windows\System32\windows.storage.dll
0x00007ffc03b50000 - 0x00007ffc03b73000 	C:\Windows\System32\profapi.dll
0x00007ffc03b00000 - 0x00007ffc03b4a000 	C:\Windows\System32\powrprof.dll
0x00007ffc03ad0000 - 0x00007ffc03ae0000 	C:\Windows\System32\UMPDC.dll
0x00007ffc05b40000 - 0x00007ffc05b92000 	C:\Windows\System32\shlwapi.dll
0x00007ffc03ae0000 - 0x00007ffc03af1000 	C:\Windows\System32\kernel.appcore.dll
0x00007ffc049d0000 - 0x00007ffc049e7000 	C:\Windows\System32\cryptsp.dll
0x00007ffbf31b0000 - 0x00007ffbf31ca000 	G:\Program Files\Java\jdk1.8.0_231\jre\bin\net.dll
0x00007ffc03310000 - 0x00007ffc03377000 	C:\Windows\system32\mswsock.dll
0x00007ffbf3040000 - 0x00007ffbf3052000 	G:\Program Files\Java\jdk1.8.0_231\jre\bin\nio.dll
0x00007ffc02e90000 - 0x00007ffc02ec3000 	C:\Windows\system32\rsaenh.dll
0x00007ffc03e90000 - 0x00007ffc03eb6000 	C:\Windows\System32\bcrypt.dll
0x00007ffc039f0000 - 0x00007ffc03a15000 	C:\Windows\SYSTEM32\USERENV.dll
0x00007ffc034e0000 - 0x00007ffc034ec000 	C:\Windows\SYSTEM32\CRYPTBASE.dll
0x00007ffc03020000 - 0x00007ffc0305a000 	C:\Windows\SYSTEM32\IPHLPAPI.DLL
0x00007ffc05910000 - 0x00007ffc05918000 	C:\Windows\System32\NSI.dll
0x00007ffbfdaa0000 - 0x00007ffbfdab6000 	C:\Windows\SYSTEM32\dhcpcsvc6.DLL
0x00007ffbfda80000 - 0x00007ffbfda9c000 	C:\Windows\SYSTEM32\dhcpcsvc.DLL
0x00007ffc03060000 - 0x00007ffc0312b000 	C:\Windows\SYSTEM32\DNSAPI.dll

VM Arguments:
jvm_args: -Dclassworlds.conf=G:\NetBeans8.2\java\maven\bin\m2.conf -Dmaven.home=G:\NetBeans8.2\java\maven 
java_command: org.codehaus.plexus.classworlds.launcher.Launcher -Dmaven.ext.class.path=G:\NetBeans8.2\java\maven-nblib\netbeans-eventspy.jar -Dfile.encoding=UTF-8 compile
java_class_path (initial): G:\NetBeans8.2\java\maven\boot\plexus-classworlds-2.4.jar
Launcher Type: SUN_STANDARD

Environment Variables:
JAVA_HOME=G:\Program Files\Java\jdk1.8.0_231
PATH=G:\app\glari\virtual\product\12.2.0\dbhome_1\bin;C:\Python27\;C:\Python27\Scripts;C:\Program Files (x86)\Common Files\Oracle\Java\javapath;C:\Program Files (x86)\Intel\Intel(R) Management Engine Components\iCLS\;C:\Program Files\Intel\Intel(R) Management Engine Components\iCLS\;C:\Windows\system32;C:\Windows;C:\Windows\System32\Wbem;C:\Windows\System32\WindowsPowerShell\v1.0\;C:\Windows\System32\OpenSSH\;C:\Program Files (x86)\Intel\Intel(R) Management Engine Components\DAL;C:\Program Files\Intel\Intel(R) Management Engine Components\DAL;C:\Program Files (x86)\NVIDIA Corporation\PhysX\Common;C:\Program Files\NVIDIA Corporation\NVIDIA NvDLISR;G:\Program Files\Git\cmd;G:\Program Files\Apache Software Foundation\apache-maven-3.6.3\bin;G:\Program Files\Java\jdk1.8.0_231\bin;G:\Program Files\nodejs\;C:\ProgramData\chocolatey\bin;G:\Program Files\PostgreSQL\12\bin;C:\Users\glari\AppData\Local\Microsoft\WindowsApps;G:\Users\mmartinez\AppData\Local\Programs\Microsoft VS Code\bin;C:\Users\glari\AppData\Roaming\npm;C:\Users\glari\AppData\Local\gitkraken\bin
USERNAME=glari
OS=Windows_NT
PROCESSOR_IDENTIFIER=Intel64 Family 6 Model 142 Stepping 10, GenuineIntel



---------------  S Y S T E M  ---------------

OS: Windows 10.0 , 64 bit Build 18362 (10.0.18362.1316)

CPU:total 8 (initial active 8) (4 cores per cpu, 2 threads per core) family 6 model 142 stepping 10, cmov, cx8, fxsr, mmx, sse, sse2, sse3, ssse3, sse4.1, sse4.2, popcnt, avx, avx2, aes, clmul, erms, 3dnowpref, lzcnt, ht, tsc, tscinvbit, bmi1, bmi2, adx

Memory: 4k page, physical 12460516k(2539756k free), swap 28015456k(7696k free)

vm_info: Java HotSpot(TM) 64-Bit Server VM (25.231-b11) for windows-amd64 JRE (1.8.0_231-b11), built on Oct  5 2019 03:11:30 by "java_re" with MS VC++ 10.0 (VS2010)

time: Wed Feb 03 17:36:42 2021
timezone: Hora estándar, América Central
elapsed time: 5 seconds (0d 0h 0m 5s)

