#
# There is insufficient memory for the Java Runtime Environment to continue.
# Native memory allocation (malloc) failed to allocate 294576 bytes for Chunk::new
# Possible reasons:
#   The system is out of physical RAM or swap space
#   The process is running with CompressedOops enabled, and the Java Heap may be blocking the growth of the native heap
# Possible solutions:
#   Reduce memory load on the system
#   Increase physical memory or swap space
#   Check if swap backing store is full
#   Decrease Java heap size (-Xmx/-Xms)
#   Decrease number of Java threads
#   Decrease Java thread stack sizes (-Xss)
#   Set larger code cache with -XX:ReservedCodeCacheSize=
#   JVM is running with Zero Based Compressed Oops mode in which the Java heap is
#     placed in the first 32GB address space. The Java Heap base address is the
#     maximum limit for the native heap growth. Please use -XX:HeapBaseMinAddress
#     to set the Java Heap base and to place the Java Heap above 32GB virtual address.
# This output file may be truncated or incomplete.
#
#  Out of Memory Error (allocation.cpp:389), pid=9548, tid=0x0000000000005528
#
# JRE version: Java(TM) SE Runtime Environment (8.0_231-b11) (build 1.8.0_231-b11)
# Java VM: Java HotSpot(TM) 64-Bit Server VM (25.231-b11 mixed mode windows-amd64 compressed oops)
# Failed to write core dump. Minidumps are not enabled by default on client versions of Windows
#

---------------  T H R E A D  ---------------

Current thread (0x000000001b9f2000):  JavaThread "C2 CompilerThread1" daemon [_thread_in_native, id=21800, stack(0x000000001c3f0000,0x000000001c4f0000)]

Stack: [0x000000001c3f0000,0x000000001c4f0000]
[error occurred during error reporting (printing stack bounds), id 0xc0000005]

Native frames: (J=compiled Java code, j=interpreted, Vv=VM code, C=native code)


Current CompileTask:
C2:   2772 1492       4       org.codehaus.plexus.util.xml.pull.MXParser::parseAttribute (1629 bytes)


---------------  P R O C E S S  ---------------

Java Threads: ( => current thread )
  0x000000001ba89000 JavaThread "Service Thread" daemon [_thread_blocked, id=21736, stack(0x000000001c6f0000,0x000000001c7f0000)]
  0x000000001ba01000 JavaThread "C1 CompilerThread3" daemon [_thread_in_native, id=25580, stack(0x000000001c5f0000,0x000000001c6f0000)]
  0x000000001b9f9800 JavaThread "C2 CompilerThread2" daemon [_thread_in_native, id=20168, stack(0x000000001c4f0000,0x000000001c5f0000)]
=>0x000000001b9f2000 JavaThread "C2 CompilerThread1" daemon [_thread_in_native, id=21800, stack(0x000000001c3f0000,0x000000001c4f0000)]
  0x000000001b9ef000 JavaThread "C2 CompilerThread0" daemon [_thread_in_vm, id=6160, stack(0x000000001c2f0000,0x000000001c3f0000)]
  0x000000001b9e8000 JavaThread "Attach Listener" daemon [_thread_blocked, id=20404, stack(0x000000001c1f0000,0x000000001c2f0000)]
  0x0000000019bfe000 JavaThread "Signal Dispatcher" daemon [_thread_blocked, id=23484, stack(0x000000001c0f0000,0x000000001c1f0000)]
  0x00000000026c8000 JavaThread "Finalizer" daemon [_thread_blocked, id=11116, stack(0x000000001bec0000,0x000000001bfc0000)]
  0x000000001b9e0800 JavaThread "Reference Handler" daemon [_thread_blocked, id=296, stack(0x000000001bdc0000,0x000000001bec0000)]
  0x00000000025d2800 JavaThread "main" [_thread_in_native, id=6428, stack(0x00000000024c0000,0x00000000025c0000)]

Other Threads:
  0x0000000019bea000 VMThread [stack: 0x000000001b8c0000,0x000000001b9c0000] [id=8768]
  0x000000001bab3800 WatcherThread [stack: 0x000000001c960000,0x000000001ca60000] [id=6240]

VM state:not at safepoint (normal execution)

VM Mutex/Monitor currently owned by a thread: None

heap address: 0x0000000701c00000, size: 3044 MB, Compressed Oops mode: Zero based, Oop shift amount: 3
Narrow klass base: 0x0000000000000000, Narrow klass shift: 3
Compressed class space size: 1073741824 Address: 0x00000007c0000000

Heap:
 PSYoungGen      total 57344K, used 38866K [0x0000000780980000, 0x0000000787980000, 0x00000007c0000000)
  eden space 49152K, 64% used [0x0000000780980000,0x000000078286e8e0,0x0000000783980000)
  from space 8192K, 87% used [0x0000000783980000,0x0000000784086290,0x0000000784180000)
  to   space 8192K, 0% used [0x0000000787180000,0x0000000787180000,0x0000000787980000)
 ParOldGen       total 131072K, used 16K [0x0000000701c00000, 0x0000000709c00000, 0x0000000780980000)
  object space 131072K, 0% used [0x0000000701c00000,0x0000000701c04000,0x0000000709c00000)
 Metaspace       used 12471K, capacity 12786K, committed 12928K, reserved 1060864K
  class space    used 1525K, capacity 1615K, committed 1664K, reserved 1048576K

Card table byte_map: [0x0000000011aa0000,0x00000000120a0000] byte_map_base: 0x000000000e292000

Marking Bits: (ParMarkBitMap*) 0x00000000568a6d90
 Begin Bits: [0x0000000012ca0000, 0x0000000015c30000)
 End Bits:   [0x0000000015c30000, 0x0000000018bc0000)

Polling page: 0x0000000002490000

CodeCache: size=245760Kb used=5677Kb max_used=5677Kb free=240082Kb
 bounds [0x00000000026e0000, 0x0000000002c80000, 0x00000000116e0000]
 total_blobs=1871 nmethods=1545 adapters=236
 compilation: enabled

Compilation events (10 events):
Event: 2.761 Thread 0x000000001ba01000 nmethod 1556 0x0000000002c5da90 code [0x0000000002c5dc00, 0x0000000002c5de28]
Event: 2.761 Thread 0x000000001ba01000 1557       3       org.codehaus.plexus.interpolation.StringSearchInterpolator::removePostProcessor (12 bytes)
Event: 2.761 Thread 0x000000001ba01000 nmethod 1557 0x0000000002c5d610 code [0x0000000002c5d780, 0x0000000002c5d9a8]
Event: 2.761 Thread 0x000000001ba01000 1558       1       org.sonatype.aether.impl.internal.SimpleLocalRepositoryManager::getRepository (5 bytes)
Event: 2.761 Thread 0x000000001ba01000 nmethod 1558 0x0000000002c5d350 code [0x0000000002c5d4a0, 0x0000000002c5d5b0]
Event: 2.762 Thread 0x000000001ba01000 1559       3       org.apache.maven.model.PluginContainer::getPlugins (23 bytes)
Event: 2.763 Thread 0x000000001ba01000 nmethod 1559 0x0000000002c5cc90 code [0x0000000002c5ce00, 0x0000000002c5d1b0]
Event: 2.763 Thread 0x000000001ba01000 1560       3       org.apache.maven.model.building.DefaultModelBuildingRequest::getSystemProperties (23 bytes)
Event: 2.763 Thread 0x000000001ba01000 nmethod 1560 0x0000000002c5c590 code [0x0000000002c5c740, 0x0000000002c5cae8]
Event: 2.763 Thread 0x000000001ba01000 1561       3       java.util.regex.Pattern::escape (1151 bytes)

GC Heap History (2 events):
Event: 1.822 GC heap before
{Heap before GC invocations=1 (full 0):
 PSYoungGen      total 57344K, used 49152K [0x0000000780980000, 0x0000000784980000, 0x00000007c0000000)
  eden space 49152K, 100% used [0x0000000780980000,0x0000000783980000,0x0000000783980000)
  from space 8192K, 0% used [0x0000000784180000,0x0000000784180000,0x0000000784980000)
  to   space 8192K, 0% used [0x0000000783980000,0x0000000783980000,0x0000000784180000)
 ParOldGen       total 131072K, used 0K [0x0000000701c00000, 0x0000000709c00000, 0x0000000780980000)
  object space 131072K, 0% used [0x0000000701c00000,0x0000000701c00000,0x0000000709c00000)
 Metaspace       used 9821K, capacity 10024K, committed 10368K, reserved 1058816K
  class space    used 1255K, capacity 1313K, committed 1408K, reserved 1048576K
Event: 1.842 GC heap after
Heap after GC invocations=1 (full 0):
 PSYoungGen      total 57344K, used 7192K [0x0000000780980000, 0x0000000787980000, 0x00000007c0000000)
  eden space 49152K, 0% used [0x0000000780980000,0x0000000780980000,0x0000000783980000)
  from space 8192K, 87% used [0x0000000783980000,0x0000000784086290,0x0000000784180000)
  to   space 8192K, 0% used [0x0000000787180000,0x0000000787180000,0x0000000787980000)
 ParOldGen       total 131072K, used 16K [0x0000000701c00000, 0x0000000709c00000, 0x0000000780980000)
  object space 131072K, 0% used [0x0000000701c00000,0x0000000701c04000,0x0000000709c00000)
 Metaspace       used 9821K, capacity 10024K, committed 10368K, reserved 1058816K
  class space    used 1255K, capacity 1313K, committed 1408K, reserved 1048576K
}

Deoptimization events (10 events):
Event: 2.071 Thread 0x00000000025d2800 Uncommon trap: reason=predicate action=maybe_recompile pc=0x0000000002971d98 method=java.nio.charset.CharsetDecoder.decode(Ljava/nio/ByteBuffer;Ljava/nio/CharBuffer;Z)Ljava/nio/charset/CoderResult; @ 54
Event: 2.319 Thread 0x00000000025d2800 Uncommon trap: reason=unstable_if action=reinterpret pc=0x0000000002885710 method=java.lang.String.replace(CC)Ljava/lang/String; @ 2
Event: 2.349 Thread 0x00000000025d2800 Uncommon trap: reason=unstable_if action=reinterpret pc=0x0000000002afd7b4 method=java.lang.reflect.AccessibleObject.setAccessible0(Ljava/lang/reflect/AccessibleObject;Z)V @ 4
Event: 2.435 Thread 0x00000000025d2800 Uncommon trap: reason=unstable_if action=reinterpret pc=0x0000000002af7354 method=org.codehaus.plexus.util.xml.pull.MXParser.nextImpl()I @ 960
Event: 2.439 Thread 0x00000000025d2800 Uncommon trap: reason=unstable_if action=reinterpret pc=0x00000000029b9204 method=sun.nio.cs.UTF_8$Decoder.decode([BII[C)I @ 30
Event: 2.439 Thread 0x00000000025d2800 Uncommon trap: reason=unstable_if action=reinterpret pc=0x0000000002952804 method=sun.nio.cs.UTF_8$Decoder.decodeArrayLoop(Ljava/nio/ByteBuffer;Ljava/nio/CharBuffer;)Ljava/nio/charset/CoderResult; @ 84
Event: 2.489 Thread 0x00000000025d2800 Uncommon trap: reason=unstable_if action=reinterpret pc=0x0000000002a7c968 method=java.util.HashMap.hash(Ljava/lang/Object;)I @ 1
Event: 2.489 Thread 0x00000000025d2800 Uncommon trap: reason=unstable_if action=reinterpret pc=0x00000000029ad1e8 method=java.util.HashMap.hash(Ljava/lang/Object;)I @ 1
Event: 2.498 Thread 0x00000000025d2800 Uncommon trap: reason=unstable_if action=reinterpret pc=0x0000000002b67bec method=org.codehaus.plexus.util.xml.pull.MXParser.nextImpl()I @ 867
Event: 2.575 Thread 0x00000000025d2800 Uncommon trap: reason=null_check action=make_not_entrant pc=0x0000000002b91bec method=org.apache.maven.model.io.xpp3.MavenXpp3Reader.checkFieldWithDuplicate(Lorg/codehaus/plexus/util/xml/pull/XmlPullParser;Ljava/lang/String;Ljava/lang/String;Ljava/util/Se

Classes redefined (0 events):
No events

Internal exceptions (10 events):
Event: 0.668 Thread 0x00000000025d2800 Exception <a 'java/lang/ArrayIndexOutOfBoundsException'> (0x0000000781658538) thrown at [C:\re\workspace\8-2-build-windows-amd64-cygwin\jdk8u231\13620\hotspot\src\share\vm\runtime\sharedRuntime.cpp, line 605]
Event: 0.899 Thread 0x00000000025d2800 Exception <a 'java/lang/ArrayIndexOutOfBoundsException'> (0x0000000782301aa8) thrown at [C:\re\workspace\8-2-build-windows-amd64-cygwin\jdk8u231\13620\hotspot\src\share\vm\runtime\sharedRuntime.cpp, line 605]
Event: 0.899 Thread 0x00000000025d2800 Exception <a 'java/lang/ArrayIndexOutOfBoundsException'> (0x0000000782303750) thrown at [C:\re\workspace\8-2-build-windows-amd64-cygwin\jdk8u231\13620\hotspot\src\share\vm\runtime\sharedRuntime.cpp, line 605]
Event: 1.025 Thread 0x00000000025d2800 Exception <a 'java/lang/NoClassDefFoundError': org/slf4j/Logger> (0x0000000782830780) thrown at [C:\re\workspace\8-2-build-windows-amd64-cygwin\jdk8u231\13620\hotspot\src\share\vm\classfile\systemDictionary.cpp, line 199]
Event: 1.173 Thread 0x00000000025d2800 Exception <a 'java/lang/NoClassDefFoundError': org/slf4j/LoggerFactory> (0x0000000782ae8d38) thrown at [C:\re\workspace\8-2-build-windows-amd64-cygwin\jdk8u231\13620\hotspot\src\share\vm\classfile\systemDictionary.cpp, line 199]
Event: 1.173 Thread 0x00000000025d2800 Exception <a 'java/lang/NoClassDefFoundError'> (0x0000000782ae8d38) thrown at [C:\re\workspace\8-2-build-windows-amd64-cygwin\jdk8u231\13620\hotspot\src\share\vm\oops\instanceKlass.cpp, line 959]
Event: 1.995 Thread 0x00000000025d2800 Implicit null exception at 0x00000000028b2ea2 to 0x00000000028b3089
Event: 2.489 Thread 0x00000000025d2800 Implicit null exception at 0x0000000002a7c755 to 0x0000000002a7c959
Event: 2.489 Thread 0x00000000025d2800 Implicit null exception at 0x00000000029ad16f to 0x00000000029ad1d9
Event: 2.575 Thread 0x00000000025d2800 Implicit null exception at 0x0000000002b917bb to 0x0000000002b91bdd

Events (10 events):
Event: 2.740 loading class org/sonatype/aether/impl/internal/DataPool$Constraint
Event: 2.740 loading class org/sonatype/aether/impl/internal/DataPool$Constraint done
Event: 2.744 loading class org/sonatype/aether/impl/internal/DataPool$GoodDescriptor
Event: 2.744 loading class org/sonatype/aether/impl/internal/DataPool$GoodDescriptor done
Event: 2.744 loading class org/sonatype/aether/impl/internal/DataPool$Descriptor
Event: 2.744 loading class org/sonatype/aether/impl/internal/DataPool$Descriptor done
Event: 2.746 loading class org/sonatype/aether/impl/internal/DataPool$GraphKey
Event: 2.746 loading class org/sonatype/aether/impl/internal/DataPool$GraphKey done
Event: 2.750 loading class org/sonatype/aether/impl/internal/DataPool$NodeKey
Event: 2.750 loading class org/sonatype/aether/impl/internal/DataPool$NodeKey done


Dynamic libraries:
0x00007ff7ca2b0000 - 0x00007ff7ca2e7000 	G:\Program Files\Java\jdk1.8.0_231\bin\java.exe
0x00007ffc06c20000 - 0x00007ffc06e10000 	C:\Windows\SYSTEM32\ntdll.dll
0x00007ffc057d0000 - 0x00007ffc05882000 	C:\Windows\System32\KERNEL32.DLL
0x00007ffc04720000 - 0x00007ffc049c5000 	C:\Windows\System32\KERNELBASE.dll
0x00007ffc05fe0000 - 0x00007ffc06083000 	C:\Windows\System32\ADVAPI32.dll
0x00007ffc04cd0000 - 0x00007ffc04d6e000 	C:\Windows\System32\msvcrt.dll
0x00007ffc069b0000 - 0x00007ffc06a47000 	C:\Windows\System32\sechost.dll
0x00007ffc05d90000 - 0x00007ffc05eaf000 	C:\Windows\System32\RPCRT4.dll
0x00007ffc06810000 - 0x00007ffc069a4000 	C:\Windows\System32\USER32.dll
0x00007ffc03ec0000 - 0x00007ffc03ee1000 	C:\Windows\System32\win32u.dll
0x00007ffc065f0000 - 0x00007ffc06616000 	C:\Windows\System32\GDI32.dll
0x00007ffc03ba0000 - 0x00007ffc03d38000 	C:\Windows\System32\gdi32full.dll
0x00007ffc03d40000 - 0x00007ffc03dde000 	C:\Windows\System32\msvcp_win.dll
0x00007ffc04a80000 - 0x00007ffc04b7a000 	C:\Windows\System32\ucrtbase.dll
0x00007ffbe51d0000 - 0x00007ffbe5454000 	C:\Windows\WinSxS\amd64_microsoft.windows.common-controls_6595b64144ccf1df_6.0.18362.1316_none_9e7a364fe461dbd7\COMCTL32.dll
0x00007ffc04d90000 - 0x00007ffc050c7000 	C:\Windows\System32\combase.dll
0x00007ffc049f0000 - 0x00007ffc04a71000 	C:\Windows\System32\bcryptPrimitives.dll
0x00007ffc06620000 - 0x00007ffc0664e000 	C:\Windows\System32\IMM32.DLL
0x0000000055fa0000 - 0x0000000056072000 	G:\Program Files\Java\jdk1.8.0_231\jre\bin\msvcr100.dll
0x0000000056080000 - 0x0000000056926000 	G:\Program Files\Java\jdk1.8.0_231\jre\bin\server\jvm.dll
0x00007ffc06bd0000 - 0x00007ffc06bd8000 	C:\Windows\System32\PSAPI.DLL
0x00007ffbfb510000 - 0x00007ffbfb51a000 	C:\Windows\SYSTEM32\VERSION.dll
0x00007ffbf28f0000 - 0x00007ffbf2914000 	C:\Windows\SYSTEM32\WINMM.dll
0x00007ffbe9310000 - 0x00007ffbe9319000 	C:\Windows\SYSTEM32\WSOCK32.dll
0x00007ffc06500000 - 0x00007ffc0656f000 	C:\Windows\System32\WS2_32.dll
0x00007ffbf28c0000 - 0x00007ffbf28ed000 	C:\Windows\SYSTEM32\winmmbase.dll
0x00007ffc046d0000 - 0x00007ffc0471a000 	C:\Windows\System32\cfgmgr32.dll
0x00007ffbf9790000 - 0x00007ffbf979f000 	G:\Program Files\Java\jdk1.8.0_231\jre\bin\verify.dll
0x00007ffbe8360000 - 0x00007ffbe8389000 	G:\Program Files\Java\jdk1.8.0_231\jre\bin\java.dll
0x00007ffbf6950000 - 0x00007ffbf6966000 	G:\Program Files\Java\jdk1.8.0_231\jre\bin\zip.dll
0x00007ffc050d0000 - 0x00007ffc057b8000 	C:\Windows\System32\SHELL32.dll
0x00007ffc05ce0000 - 0x00007ffc05d87000 	C:\Windows\System32\shcore.dll
0x00007ffc03ef0000 - 0x00007ffc0466b000 	C:\Windows\System32\windows.storage.dll
0x00007ffc03b50000 - 0x00007ffc03b73000 	C:\Windows\System32\profapi.dll
0x00007ffc03b00000 - 0x00007ffc03b4a000 	C:\Windows\System32\powrprof.dll
0x00007ffc03ad0000 - 0x00007ffc03ae0000 	C:\Windows\System32\UMPDC.dll
0x00007ffc05b40000 - 0x00007ffc05b92000 	C:\Windows\System32\shlwapi.dll
0x00007ffc03ae0000 - 0x00007ffc03af1000 	C:\Windows\System32\kernel.appcore.dll
0x00007ffc049d0000 - 0x00007ffc049e7000 	C:\Windows\System32\cryptsp.dll
0x00007ffbf31b0000 - 0x00007ffbf31ca000 	G:\Program Files\Java\jdk1.8.0_231\jre\bin\net.dll
0x00007ffc03310000 - 0x00007ffc03377000 	C:\Windows\system32\mswsock.dll
0x00007ffbf3040000 - 0x00007ffbf3052000 	G:\Program Files\Java\jdk1.8.0_231\jre\bin\nio.dll

VM Arguments:
jvm_args: -Dclassworlds.conf=G:\NetBeans8.2\java\maven\bin\m2.conf -Dmaven.home=G:\NetBeans8.2\java\maven 
java_command: org.codehaus.plexus.classworlds.launcher.Launcher -Dmaven.ext.class.path=G:\NetBeans8.2\java\maven-nblib\netbeans-eventspy.jar -Dfile.encoding=UTF-8 clean install
java_class_path (initial): G:\NetBeans8.2\java\maven\boot\plexus-classworlds-2.4.jar
Launcher Type: SUN_STANDARD

Environment Variables:
JAVA_HOME=G:\Program Files\Java\jdk1.8.0_231
PATH=G:\app\glari\virtual\product\12.2.0\dbhome_1\bin;C:\Python27\;C:\Python27\Scripts;C:\Program Files (x86)\Common Files\Oracle\Java\javapath;C:\Program Files (x86)\Intel\Intel(R) Management Engine Components\iCLS\;C:\Program Files\Intel\Intel(R) Management Engine Components\iCLS\;C:\Windows\system32;C:\Windows;C:\Windows\System32\Wbem;C:\Windows\System32\WindowsPowerShell\v1.0\;C:\Windows\System32\OpenSSH\;C:\Program Files (x86)\Intel\Intel(R) Management Engine Components\DAL;C:\Program Files\Intel\Intel(R) Management Engine Components\DAL;C:\Program Files (x86)\NVIDIA Corporation\PhysX\Common;C:\Program Files\NVIDIA Corporation\NVIDIA NvDLISR;G:\Program Files\Git\cmd;G:\Program Files\Apache Software Foundation\apache-maven-3.6.3\bin;G:\Program Files\Java\jdk1.8.0_231\bin;G:\Program Files\nodejs\;C:\ProgramData\chocolatey\bin;G:\Program Files\PostgreSQL\12\bin;C:\Users\glari\AppData\Local\Microsoft\WindowsApps;G:\Users\mmartinez\AppData\Local\Programs\Microsoft VS Code\bin;C:\Users\glari\AppData\Roaming\npm;C:\Users\glari\AppData\Local\gitkraken\bin
USERNAME=glari
OS=Windows_NT
PROCESSOR_IDENTIFIER=Intel64 Family 6 Model 142 Stepping 10, GenuineIntel



---------------  S Y S T E M  ---------------

OS: Windows 10.0 , 64 bit Build 18362 (10.0.18362.1316)

CPU:total 8 (initial active 8) (4 cores per cpu, 2 threads per core) family 6 model 142 stepping 10, cmov, cx8, fxsr, mmx, sse, sse2, sse3, ssse3, sse4.1, sse4.2, popcnt, avx, avx2, aes, clmul, erms, 3dnowpref, lzcnt, ht, tsc, tscinvbit, bmi1, bmi2, adx

Memory: 4k page, physical 12460516k(2754692k free), swap 28015456k(6540k free)

vm_info: Java HotSpot(TM) 64-Bit Server VM (25.231-b11) for windows-amd64 JRE (1.8.0_231-b11), built on Oct  5 2019 03:11:30 by "java_re" with MS VC++ 10.0 (VS2010)

time: Wed Feb 03 17:38:29 2021
timezone: Hora estándar, América Central
elapsed time: 2 seconds (0d 0h 0m 2s)

