#
# There is insufficient memory for the Java Runtime Environment to continue.
# Native memory allocation (malloc) failed to allocate 64496 bytes for Chunk::new
# Possible reasons:
#   The system is out of physical RAM or swap space
#   The process is running with CompressedOops enabled, and the Java Heap may be blocking the growth of the native heap
# Possible solutions:
#   Reduce memory load on the system
#   Increase physical memory or swap space
#   Check if swap backing store is full
#   Decrease Java heap size (-Xmx/-Xms)
#   Decrease number of Java threads
#   Decrease Java thread stack sizes (-Xss)
#   Set larger code cache with -XX:ReservedCodeCacheSize=
#   JVM is running with Zero Based Compressed Oops mode in which the Java heap is
#     placed in the first 32GB address space. The Java Heap base address is the
#     maximum limit for the native heap growth. Please use -XX:HeapBaseMinAddress
#     to set the Java Heap base and to place the Java Heap above 32GB virtual address.
# This output file may be truncated or incomplete.
#
#  Out of Memory Error (allocation.cpp:389), pid=11480, tid=0x0000000000000c9c
#
# JRE version: Java(TM) SE Runtime Environment (8.0_231-b11) (build 1.8.0_231-b11)
# Java VM: Java HotSpot(TM) 64-Bit Server VM (25.231-b11 mixed mode windows-amd64 compressed oops)
# Failed to write core dump. Minidumps are not enabled by default on client versions of Windows
#

---------------  T H R E A D  ---------------

Current thread (0x000000001bc4c800):  JavaThread "C2 CompilerThread0" daemon [_thread_in_native, id=3228, stack(0x000000001c540000,0x000000001c640000)]

Stack: [0x000000001c540000,0x000000001c640000]
[error occurred during error reporting (printing stack bounds), id 0xc0000005]

Native frames: (J=compiled Java code, j=interpreted, Vv=VM code, C=native code)


Current CompileTask:
C2:    862  458       4       org.codehaus.plexus.util.InterpolationFilterReader::read (479 bytes)


---------------  P R O C E S S  ---------------

Java Threads: ( => current thread )
  0x000000001bce2000 JavaThread "Service Thread" daemon [_thread_blocked, id=7008, stack(0x000000001c940000,0x000000001ca40000)]
  0x000000001bc57000 JavaThread "C1 CompilerThread3" daemon [_thread_in_native, id=4032, stack(0x000000001c840000,0x000000001c940000)]
  0x000000001bc50800 JavaThread "C2 CompilerThread2" daemon [_thread_in_native, id=25540, stack(0x000000001c740000,0x000000001c840000)]
  0x000000001bc50000 JavaThread "C2 CompilerThread1" daemon [_thread_in_native, id=17032, stack(0x000000001c640000,0x000000001c740000)]
=>0x000000001bc4c800 JavaThread "C2 CompilerThread0" daemon [_thread_in_native, id=3228, stack(0x000000001c540000,0x000000001c640000)]
  0x000000001bc4a000 JavaThread "Attach Listener" daemon [_thread_blocked, id=16680, stack(0x000000001c440000,0x000000001c540000)]
  0x000000001bc49000 JavaThread "Signal Dispatcher" daemon [_thread_blocked, id=17916, stack(0x000000001c340000,0x000000001c440000)]
  0x000000001bc41000 JavaThread "Finalizer" daemon [_thread_blocked, id=19220, stack(0x000000001c120000,0x000000001c220000)]
  0x000000001bc40800 JavaThread "Reference Handler" daemon [_thread_blocked, id=3256, stack(0x000000001c020000,0x000000001c120000)]
  0x0000000002852800 JavaThread "main" [_thread_in_native, id=24428, stack(0x0000000002750000,0x0000000002850000)]

Other Threads:
  0x0000000019e19000 VMThread [stack: 0x000000001bb20000,0x000000001bc20000] [id=18632]
  0x000000001bd0d000 WatcherThread [stack: 0x000000001cbb0000,0x000000001ccb0000] [id=2240]

VM state:not at safepoint (normal execution)

VM Mutex/Monitor currently owned by a thread: None

heap address: 0x0000000701c00000, size: 3044 MB, Compressed Oops mode: Zero based, Oop shift amount: 3
Narrow klass base: 0x0000000000000000, Narrow klass shift: 3
Compressed class space size: 1073741824 Address: 0x00000007c0000000

Heap:
 PSYoungGen      total 57344K, used 17761K [0x0000000780980000, 0x0000000784980000, 0x00000007c0000000)
  eden space 49152K, 36% used [0x0000000780980000,0x0000000781ad8778,0x0000000783980000)
  from space 8192K, 0% used [0x0000000784180000,0x0000000784180000,0x0000000784980000)
  to   space 8192K, 0% used [0x0000000783980000,0x0000000783980000,0x0000000784180000)
 ParOldGen       total 131072K, used 0K [0x0000000701c00000, 0x0000000709c00000, 0x0000000780980000)
  object space 131072K, 0% used [0x0000000701c00000,0x0000000701c00000,0x0000000709c00000)
 Metaspace       used 6694K, capacity 6888K, committed 7040K, reserved 1056768K
  class space    used 822K, capacity 892K, committed 896K, reserved 1048576K

Card table byte_map: [0x0000000011d10000,0x0000000012310000] byte_map_base: 0x000000000e502000

Marking Bits: (ParMarkBitMap*) 0x00000000568a6d90
 Begin Bits: [0x0000000012f10000, 0x0000000015ea0000)
 End Bits:   [0x0000000015ea0000, 0x0000000018e30000)

Polling page: 0x00000000005f0000

CodeCache: size=245760Kb used=2408Kb max_used=2408Kb free=243351Kb
 bounds [0x0000000002950000, 0x0000000002bc0000, 0x0000000011950000]
 total_blobs=741 nmethods=467 adapters=187
 compilation: enabled

Compilation events (10 events):
Event: 0.821 Thread 0x000000001bc57000 nmethod 467 0x0000000002b86790 code [0x0000000002b86900, 0x0000000002b86c90]
Event: 0.821 Thread 0x000000001bc57000  466       1       org.codehaus.plexus.util.xml.pull.MXParser::getEventType (5 bytes)
Event: 0.821 Thread 0x000000001bc57000 nmethod 466 0x0000000002b864d0 code [0x0000000002b86620, 0x0000000002b86730]
Event: 0.825 Thread 0x000000001bc57000  472       3       org.codehaus.plexus.util.xml.pull.MXParser::parseEndTag (444 bytes)
Event: 0.832 Thread 0x000000001bc57000 nmethod 472 0x0000000002b91ad0 code [0x0000000002b920c0, 0x0000000002b973e8]
Event: 0.832 Thread 0x000000001bc57000  476       3       org.codehaus.plexus.util.xml.pull.MXParser::isWhitespace (116 bytes)
Event: 0.834 Thread 0x000000001bc57000 nmethod 476 0x0000000002b99ad0 code [0x0000000002b99ca0, 0x0000000002b9a508]
Event: 0.834 Thread 0x000000001bc57000  477       3       org.codehaus.plexus.util.xml.pull.MXParser::nextTag (82 bytes)
Event: 0.837 Thread 0x000000001bc57000 nmethod 477 0x0000000002b9a790 code [0x0000000002b9a9c0, 0x0000000002b9b7e8]
Event: 0.837 Thread 0x000000001bc57000  480       3       org.codehaus.plexus.util.xml.pull.MXParser::parseStartTag (1195 bytes)

GC Heap History (0 events):
No events

Deoptimization events (0 events):
No events

Classes redefined (0 events):
No events

Internal exceptions (10 events):
Event: 0.277 Thread 0x0000000002852800 Exception <a 'java/security/PrivilegedActionException'> (0x0000000780c9d698) thrown at [C:\re\workspace\8-2-build-windows-amd64-cygwin\jdk8u231\13620\hotspot\src\share\vm\prims\jvm.cpp, line 1502]
Event: 0.277 Thread 0x0000000002852800 Exception <a 'java/security/PrivilegedActionException'> (0x0000000780c9d8a8) thrown at [C:\re\workspace\8-2-build-windows-amd64-cygwin\jdk8u231\13620\hotspot\src\share\vm\prims\jvm.cpp, line 1502]
Event: 0.277 Thread 0x0000000002852800 Exception <a 'java/security/PrivilegedActionException'> (0x0000000780ca19a0) thrown at [C:\re\workspace\8-2-build-windows-amd64-cygwin\jdk8u231\13620\hotspot\src\share\vm\prims\jvm.cpp, line 1502]
Event: 0.277 Thread 0x0000000002852800 Exception <a 'java/security/PrivilegedActionException'> (0x0000000780ca1bb0) thrown at [C:\re\workspace\8-2-build-windows-amd64-cygwin\jdk8u231\13620\hotspot\src\share\vm\prims\jvm.cpp, line 1502]
Event: 0.573 Thread 0x0000000002852800 Exception <a 'java/lang/ArrayIndexOutOfBoundsException': 18> (0x00000007813af3f8) thrown at [C:\re\workspace\8-2-build-windows-amd64-cygwin\jdk8u231\13620\hotspot\src\share\vm\interpreter\interpreterRuntime.cpp, line 368]
Event: 0.573 Thread 0x0000000002852800 Exception <a 'java/lang/ArrayIndexOutOfBoundsException': 43> (0x00000007813b0298) thrown at [C:\re\workspace\8-2-build-windows-amd64-cygwin\jdk8u231\13620\hotspot\src\share\vm\interpreter\interpreterRuntime.cpp, line 368]
Event: 0.575 Thread 0x0000000002852800 Exception <a 'java/lang/ArrayIndexOutOfBoundsException': 92> (0x00000007813b1b30) thrown at [C:\re\workspace\8-2-build-windows-amd64-cygwin\jdk8u231\13620\hotspot\src\share\vm\interpreter\interpreterRuntime.cpp, line 368]
Event: 0.680 Thread 0x0000000002852800 Exception <a 'java/lang/ArrayIndexOutOfBoundsException'> (0x00000007815f80d8) thrown at [C:\re\workspace\8-2-build-windows-amd64-cygwin\jdk8u231\13620\hotspot\src\share\vm\runtime\sharedRuntime.cpp, line 605]
Event: 0.680 Thread 0x0000000002852800 Exception <a 'java/lang/ArrayIndexOutOfBoundsException'> (0x00000007815f9800) thrown at [C:\re\workspace\8-2-build-windows-amd64-cygwin\jdk8u231\13620\hotspot\src\share\vm\runtime\sharedRuntime.cpp, line 605]
Event: 0.694 Thread 0x0000000002852800 Exception <a 'java/lang/ArrayIndexOutOfBoundsException'> (0x00000007816585a0) thrown at [C:\re\workspace\8-2-build-windows-amd64-cygwin\jdk8u231\13620\hotspot\src\share\vm\runtime\sharedRuntime.cpp, line 605]

Events (10 events):
Event: 0.854 loading class org/apache/maven/artifact/installer/ArtifactInstaller
Event: 0.854 loading class org/apache/maven/artifact/installer/ArtifactInstaller done
Event: 0.854 loading class org/apache/maven/artifact/installer/ArtifactInstaller
Event: 0.854 loading class org/apache/maven/artifact/installer/ArtifactInstaller done
Event: 0.856 loading class org/apache/maven/artifact/manager/WagonManager
Event: 0.856 loading class org/apache/maven/artifact/manager/WagonManager done
Event: 0.856 loading class org/apache/maven/artifact/manager/WagonManager
Event: 0.856 loading class org/apache/maven/artifact/manager/WagonManager done
Event: 0.857 loading class org/apache/maven/repository/legacy/WagonManager
Event: 0.857 loading class org/apache/maven/repository/legacy/WagonManager done


Dynamic libraries:
0x00007ff7ca2b0000 - 0x00007ff7ca2e7000 	G:\Program Files\Java\jdk1.8.0_231\bin\java.exe
0x00007ffc06c20000 - 0x00007ffc06e10000 	C:\Windows\SYSTEM32\ntdll.dll
0x00007ffc057d0000 - 0x00007ffc05882000 	C:\Windows\System32\KERNEL32.DLL
0x00007ffc04720000 - 0x00007ffc049c5000 	C:\Windows\System32\KERNELBASE.dll
0x00007ffc05fe0000 - 0x00007ffc06083000 	C:\Windows\System32\ADVAPI32.dll
0x00007ffc04cd0000 - 0x00007ffc04d6e000 	C:\Windows\System32\msvcrt.dll
0x00007ffc069b0000 - 0x00007ffc06a47000 	C:\Windows\System32\sechost.dll
0x00007ffc05d90000 - 0x00007ffc05eaf000 	C:\Windows\System32\RPCRT4.dll
0x00007ffc06810000 - 0x00007ffc069a4000 	C:\Windows\System32\USER32.dll
0x00007ffc03ec0000 - 0x00007ffc03ee1000 	C:\Windows\System32\win32u.dll
0x00007ffc065f0000 - 0x00007ffc06616000 	C:\Windows\System32\GDI32.dll
0x00007ffc03ba0000 - 0x00007ffc03d38000 	C:\Windows\System32\gdi32full.dll
0x00007ffc03d40000 - 0x00007ffc03dde000 	C:\Windows\System32\msvcp_win.dll
0x00007ffc04a80000 - 0x00007ffc04b7a000 	C:\Windows\System32\ucrtbase.dll
0x00007ffbe51d0000 - 0x00007ffbe5454000 	C:\Windows\WinSxS\amd64_microsoft.windows.common-controls_6595b64144ccf1df_6.0.18362.1316_none_9e7a364fe461dbd7\COMCTL32.dll
0x00007ffc04d90000 - 0x00007ffc050c7000 	C:\Windows\System32\combase.dll
0x00007ffc049f0000 - 0x00007ffc04a71000 	C:\Windows\System32\bcryptPrimitives.dll
0x00007ffc06620000 - 0x00007ffc0664e000 	C:\Windows\System32\IMM32.DLL
0x0000000055fa0000 - 0x0000000056072000 	G:\Program Files\Java\jdk1.8.0_231\jre\bin\msvcr100.dll
0x0000000056080000 - 0x0000000056926000 	G:\Program Files\Java\jdk1.8.0_231\jre\bin\server\jvm.dll
0x00007ffc06bd0000 - 0x00007ffc06bd8000 	C:\Windows\System32\PSAPI.DLL
0x00007ffbe9310000 - 0x00007ffbe9319000 	C:\Windows\SYSTEM32\WSOCK32.dll
0x00007ffbf28f0000 - 0x00007ffbf2914000 	C:\Windows\SYSTEM32\WINMM.dll
0x00007ffc06500000 - 0x00007ffc0656f000 	C:\Windows\System32\WS2_32.dll
0x00007ffbfb510000 - 0x00007ffbfb51a000 	C:\Windows\SYSTEM32\VERSION.dll
0x00007ffbf28c0000 - 0x00007ffbf28ed000 	C:\Windows\SYSTEM32\WINMMBASE.dll
0x00007ffc046d0000 - 0x00007ffc0471a000 	C:\Windows\System32\cfgmgr32.dll
0x00007ffbf9790000 - 0x00007ffbf979f000 	G:\Program Files\Java\jdk1.8.0_231\jre\bin\verify.dll
0x00007ffbe8360000 - 0x00007ffbe8389000 	G:\Program Files\Java\jdk1.8.0_231\jre\bin\java.dll
0x00007ffbf6950000 - 0x00007ffbf6966000 	G:\Program Files\Java\jdk1.8.0_231\jre\bin\zip.dll
0x00007ffc050d0000 - 0x00007ffc057b8000 	C:\Windows\System32\SHELL32.dll
0x00007ffc05ce0000 - 0x00007ffc05d87000 	C:\Windows\System32\shcore.dll
0x00007ffc03ef0000 - 0x00007ffc0466b000 	C:\Windows\System32\windows.storage.dll
0x00007ffc03b50000 - 0x00007ffc03b73000 	C:\Windows\System32\profapi.dll
0x00007ffc03b00000 - 0x00007ffc03b4a000 	C:\Windows\System32\powrprof.dll
0x00007ffc03ad0000 - 0x00007ffc03ae0000 	C:\Windows\System32\UMPDC.dll
0x00007ffc05b40000 - 0x00007ffc05b92000 	C:\Windows\System32\shlwapi.dll
0x00007ffc03ae0000 - 0x00007ffc03af1000 	C:\Windows\System32\kernel.appcore.dll
0x00007ffc049d0000 - 0x00007ffc049e7000 	C:\Windows\System32\cryptsp.dll

VM Arguments:
jvm_args: -Dclassworlds.conf=G:\NetBeans8.2\java\maven\bin\m2.conf -Dmaven.home=G:\NetBeans8.2\java\maven 
java_command: org.codehaus.plexus.classworlds.launcher.Launcher -Dmaven.ext.class.path=G:\NetBeans8.2\java\maven-nblib\netbeans-eventspy.jar -Dfile.encoding=UTF-8 compile
java_class_path (initial): G:\NetBeans8.2\java\maven\boot\plexus-classworlds-2.4.jar
Launcher Type: SUN_STANDARD

Environment Variables:
JAVA_HOME=G:\Program Files\Java\jdk1.8.0_231
PATH=G:\app\glari\virtual\product\12.2.0\dbhome_1\bin;C:\Python27\;C:\Python27\Scripts;C:\Program Files (x86)\Common Files\Oracle\Java\javapath;C:\Program Files (x86)\Intel\Intel(R) Management Engine Components\iCLS\;C:\Program Files\Intel\Intel(R) Management Engine Components\iCLS\;C:\Windows\system32;C:\Windows;C:\Windows\System32\Wbem;C:\Windows\System32\WindowsPowerShell\v1.0\;C:\Windows\System32\OpenSSH\;C:\Program Files (x86)\Intel\Intel(R) Management Engine Components\DAL;C:\Program Files\Intel\Intel(R) Management Engine Components\DAL;C:\Program Files (x86)\NVIDIA Corporation\PhysX\Common;C:\Program Files\NVIDIA Corporation\NVIDIA NvDLISR;G:\Program Files\Git\cmd;G:\Program Files\Apache Software Foundation\apache-maven-3.6.3\bin;G:\Program Files\Java\jdk1.8.0_231\bin;G:\Program Files\nodejs\;C:\ProgramData\chocolatey\bin;G:\Program Files\PostgreSQL\12\bin;C:\Users\glari\AppData\Local\Microsoft\WindowsApps;G:\Users\mmartinez\AppData\Local\Programs\Microsoft VS Code\bin;C:\Users\glari\AppData\Roaming\npm;C:\Users\glari\AppData\Local\gitkraken\bin
USERNAME=glari
OS=Windows_NT
PROCESSOR_IDENTIFIER=Intel64 Family 6 Model 142 Stepping 10, GenuineIntel



---------------  S Y S T E M  ---------------

OS: Windows 10.0 , 64 bit Build 18362 (10.0.18362.1316)

CPU:total 8 (initial active 8) (4 cores per cpu, 2 threads per core) family 6 model 142 stepping 10, cmov, cx8, fxsr, mmx, sse, sse2, sse3, ssse3, sse4.1, sse4.2, popcnt, avx, avx2, aes, clmul, erms, 3dnowpref, lzcnt, ht, tsc, tscinvbit, bmi1, bmi2, adx

Memory: 4k page, physical 12460516k(2638292k free), swap 28015456k(5124k free)

vm_info: Java HotSpot(TM) 64-Bit Server VM (25.231-b11) for windows-amd64 JRE (1.8.0_231-b11), built on Oct  5 2019 03:11:30 by "java_re" with MS VC++ 10.0 (VS2010)

time: Wed Feb 03 17:35:34 2021
timezone: Hora estándar, América Central
elapsed time: 0 seconds (0d 0h 0m 0s)

